2022-10-04 11:23:44.435  INFO Rajeevs-MBP.attlocal.net --- [           main] .b.t.c.SpringBootTestContextBootstrapper : Neither @ContextConfiguration nor @ContextHierarchy found for test class [com.example.demo.SareetaApplicationTests], using SpringBootContextLoader
2022-10-04 11:23:44.443  INFO Rajeevs-MBP.attlocal.net --- [           main] o.s.t.c.s.AbstractContextLoader          : Could not detect default resource locations for test class [com.example.demo.SareetaApplicationTests]: no resource found for suffixes {-context.xml, Context.groovy}.
2022-10-04 11:23:44.444  INFO Rajeevs-MBP.attlocal.net --- [           main] t.c.s.AnnotationConfigContextLoaderUtils : Could not detect default configuration classes for test class [com.example.demo.SareetaApplicationTests]: SareetaApplicationTests does not declare any static, non-private, non-final, nested classes annotated with @Configuration.
2022-10-04 11:23:44.550  INFO Rajeevs-MBP.attlocal.net --- [           main] .b.t.c.SpringBootTestContextBootstrapper : Found @SpringBootConfiguration com.example.demo.SareetaApplication for test class com.example.demo.SareetaApplicationTests
2022-10-04 11:23:44.649  INFO Rajeevs-MBP.attlocal.net --- [           main] .b.t.c.SpringBootTestContextBootstrapper : Loaded default TestExecutionListener class names from location [META-INF/spring.factories]: [org.springframework.boot.test.mock.mockito.MockitoTestExecutionListener, org.springframework.boot.test.mock.mockito.ResetMocksTestExecutionListener, org.springframework.boot.test.autoconfigure.restdocs.RestDocsTestExecutionListener, org.springframework.boot.test.autoconfigure.web.client.MockRestServiceServerResetTestExecutionListener, org.springframework.boot.test.autoconfigure.web.servlet.MockMvcPrintOnlyOnFailureTestExecutionListener, org.springframework.boot.test.autoconfigure.web.servlet.WebDriverTestExecutionListener, org.springframework.test.context.web.ServletTestExecutionListener, org.springframework.test.context.support.DirtiesContextBeforeModesTestExecutionListener, org.springframework.test.context.support.DependencyInjectionTestExecutionListener, org.springframework.test.context.support.DirtiesContextTestExecutionListener, org.springframework.test.context.transaction.TransactionalTestExecutionListener, org.springframework.test.context.jdbc.SqlScriptsTestExecutionListener, org.springframework.security.test.context.support.WithSecurityContextTestExecutionListener, org.springframework.security.test.context.support.ReactorContextTestExecutionListener]
2022-10-04 11:23:44.671  INFO Rajeevs-MBP.attlocal.net --- [           main] .b.t.c.SpringBootTestContextBootstrapper : Using TestExecutionListeners: [org.springframework.test.context.web.ServletTestExecutionListener@3e14c16d, org.springframework.test.context.support.DirtiesContextBeforeModesTestExecutionListener@3c989952, org.springframework.boot.test.mock.mockito.MockitoTestExecutionListener@784b990c, org.springframework.boot.test.autoconfigure.SpringBootDependencyInjectionTestExecutionListener@3d3ba765, org.springframework.test.context.support.DirtiesContextTestExecutionListener@25bc0606, org.springframework.test.context.transaction.TransactionalTestExecutionListener@5d1659ea, org.springframework.test.context.jdbc.SqlScriptsTestExecutionListener@793138bd, org.springframework.security.test.context.support.WithSecurityContextTestExecutionListener@1951b871, org.springframework.security.test.context.support.ReactorContextTestExecutionListener@5c18016b, org.springframework.boot.test.mock.mockito.ResetMocksTestExecutionListener@33aeca0b, org.springframework.boot.test.autoconfigure.restdocs.RestDocsTestExecutionListener@43aaf813, org.springframework.boot.test.autoconfigure.web.client.MockRestServiceServerResetTestExecutionListener@57ac5227, org.springframework.boot.test.autoconfigure.web.servlet.MockMvcPrintOnlyOnFailureTestExecutionListener@4ba302e0, org.springframework.boot.test.autoconfigure.web.servlet.WebDriverTestExecutionListener@e98770d]
2022-10-04 11:23:44.890  INFO Rajeevs-MBP.attlocal.net --- [           main] c.e.d.SareetaApplicationTests            : Starting SareetaApplicationTests on Rajeevs-MBP.attlocal.net with PID 90663 (started by rkommareddy in /Users/rkommareddy/Documents/devOpsProject/nd035-c4-Security-and-DevOps/starter_code)
2022-10-04 11:23:44.891  INFO Rajeevs-MBP.attlocal.net --- [           main] c.e.d.SareetaApplicationTests            : No active profile set, falling back to default profiles: default
2022-10-04 11:23:45.326  INFO Rajeevs-MBP.attlocal.net --- [           main] .s.d.r.c.RepositoryConfigurationDelegate : Bootstrapping Spring Data repositories in DEFAULT mode.
2022-10-04 11:23:45.395  INFO Rajeevs-MBP.attlocal.net --- [           main] .s.d.r.c.RepositoryConfigurationDelegate : Finished Spring Data repository scanning in 61ms. Found 4 repository interfaces.
2022-10-04 11:23:45.841  INFO Rajeevs-MBP.attlocal.net --- [           main] trationDelegate$BeanPostProcessorChecker : Bean 'org.springframework.transaction.annotation.ProxyTransactionManagementConfiguration' of type [org.springframework.transaction.annotation.ProxyTransactionManagementConfiguration$$EnhancerBySpringCGLIB$$9fbe819d] is not eligible for getting processed by all BeanPostProcessors (for example: not eligible for auto-proxying)
2022-10-04 11:23:46.014  INFO Rajeevs-MBP.attlocal.net --- [           main] c.z.h.HikariDataSource                   : HikariPool-1 - Starting...
2022-10-04 11:23:46.173  INFO Rajeevs-MBP.attlocal.net --- [           main] c.z.h.HikariDataSource                   : HikariPool-1 - Start completed.
2022-10-04 11:23:46.234  INFO Rajeevs-MBP.attlocal.net --- [           main] o.h.j.i.u.LogHelper                      : HHH000204: Processing PersistenceUnitInfo [
	name: default
	...]
2022-10-04 11:23:46.332  INFO Rajeevs-MBP.attlocal.net --- [           main] o.h.Version                              : HHH000412: Hibernate Core {5.3.10.Final}
2022-10-04 11:23:46.333  INFO Rajeevs-MBP.attlocal.net --- [           main] o.h.c.Environment                        : HHH000206: hibernate.properties not found
2022-10-04 11:23:46.486  INFO Rajeevs-MBP.attlocal.net --- [           main] o.h.a.c.Version                          : HCANN000001: Hibernate Commons Annotations {5.0.4.Final}
2022-10-04 11:23:46.606  INFO Rajeevs-MBP.attlocal.net --- [           main] o.h.d.Dialect                            : HHH000400: Using dialect: org.hibernate.dialect.H2Dialect
2022-10-04 11:23:47.232  INFO Rajeevs-MBP.attlocal.net --- [           main] j.LocalContainerEntityManagerFactoryBean : Initialized JPA EntityManagerFactory for persistence unit 'default'
2022-10-04 11:23:47.784  WARN Rajeevs-MBP.attlocal.net --- [           main] aWebConfiguration$JpaWebMvcConfiguration : spring.jpa.open-in-view is enabled by default. Therefore, database queries may be performed during view rendering. Explicitly configure spring.jpa.open-in-view to disable this warning
2022-10-04 11:23:47.862  INFO Rajeevs-MBP.attlocal.net --- [           main] o.s.s.w.DefaultSecurityFilterChain       : Creating filter chain: any request, [org.springframework.security.web.context.request.async.WebAsyncManagerIntegrationFilter@392ef4ff, org.springframework.security.web.context.SecurityContextPersistenceFilter@5dc120ab, org.springframework.security.web.header.HeaderWriterFilter@5bf1b528, org.springframework.web.filter.CorsFilter@6ed7c178, org.springframework.security.web.authentication.logout.LogoutFilter@314c28dc, com.example.demo.security.JWTAuthenticationFilter@1c382179, com.example.demo.security.JWTAuthenticationVerficationFilter@5b657342, org.springframework.security.web.savedrequest.RequestCacheAwareFilter@182dcd2b, org.springframework.security.web.servletapi.SecurityContextHolderAwareRequestFilter@13018f00, org.springframework.security.web.authentication.AnonymousAuthenticationFilter@15a2fddd, org.springframework.security.web.session.SessionManagementFilter@1c3b221f, org.springframework.security.web.access.ExceptionTranslationFilter@68de8522, org.springframework.security.web.access.intercept.FilterSecurityInterceptor@4fea095b]
2022-10-04 11:23:48.143  INFO Rajeevs-MBP.attlocal.net --- [           main] o.s.s.c.ThreadPoolTaskExecutor           : Initializing ExecutorService 'applicationTaskExecutor'
2022-10-04 11:23:48.319  INFO Rajeevs-MBP.attlocal.net --- [           main] c.e.d.SareetaApplicationTests            : Started SareetaApplicationTests in 3.591 seconds (JVM running for 4.834)
2022-10-04 11:23:48.587  INFO Rajeevs-MBP.attlocal.net --- [           main] c.e.d.c.ItemController                   : Success : Items retrieved for the user
2022-10-04 11:23:48.652 ERROR Rajeevs-MBP.attlocal.net --- [           main] c.e.d.c.OrderController                  : Exception: No user found with username: testUser to view history
2022-10-04 11:23:48.653  INFO Rajeevs-MBP.attlocal.net --- [           main] c.e.d.c.OrderController                  : Success : Fetching ordered items
2022-10-04 11:23:48.654  INFO Rajeevs-MBP.attlocal.net --- [           main] c.e.d.c.OrderController                  : Order submitted with id: null for user: testName
2022-10-04 11:23:48.654  INFO Rajeevs-MBP.attlocal.net --- [           main] c.e.d.c.OrderController                  : Success : Order request success
2022-10-04 11:23:48.688  INFO Rajeevs-MBP.attlocal.net --- [           main] c.e.d.c.UserController                   : Trying to get the user with user id 4
2022-10-04 11:23:48.695  INFO Rajeevs-MBP.attlocal.net --- [           main] c.e.d.c.UserController                   : Info Message : Trying to create user with username test
2022-10-04 11:23:48.695  INFO Rajeevs-MBP.attlocal.net --- [           main] c.e.d.c.UserController                   : User created successfully with username test
2022-10-04 11:23:48.696  INFO Rajeevs-MBP.attlocal.net --- [           main] c.e.d.c.UserController                   : Success : User creation success
2022-10-04 11:23:48.698  INFO Rajeevs-MBP.attlocal.net --- [           main] c.e.d.c.UserController                   : Trying to get the user with user id 2
2022-10-04 11:23:48.704  INFO Rajeevs-MBP.attlocal.net --- [       Thread-4] o.s.s.c.ThreadPoolTaskExecutor           : Shutting down ExecutorService 'applicationTaskExecutor'
2022-10-04 11:23:48.706  INFO Rajeevs-MBP.attlocal.net --- [       Thread-4] j.LocalContainerEntityManagerFactoryBean : Closing JPA EntityManagerFactory for persistence unit 'default'
2022-10-04 11:23:48.709  INFO Rajeevs-MBP.attlocal.net --- [       Thread-4] c.z.h.HikariDataSource                   : HikariPool-1 - Shutdown initiated...
2022-10-04 11:23:48.716  INFO Rajeevs-MBP.attlocal.net --- [       Thread-4] c.z.h.HikariDataSource                   : HikariPool-1 - Shutdown completed.
2022-10-04 11:30:40.552  INFO Rajeevs-MBP.attlocal.net --- [           main] c.e.d.c.UserController                   : Trying to get the user with user id 2
2022-10-04 11:37:13.159  INFO Rajeevs-MBP.attlocal.net --- [           main] c.e.d.c.UserController                   : Trying to get the user with user id 2
2022-10-04 11:40:27.661  INFO Rajeevs-MBP.attlocal.net --- [           main] c.e.d.c.UserController                   : Trying to get the user with user id 4
2022-10-04 11:40:27.690  INFO Rajeevs-MBP.attlocal.net --- [           main] c.e.d.c.UserController                   : Info Message : Trying to create user with username test
2022-10-04 11:40:27.693  INFO Rajeevs-MBP.attlocal.net --- [           main] c.e.d.c.UserController                   : User created successfully with username test
2022-10-04 11:40:27.693  INFO Rajeevs-MBP.attlocal.net --- [           main] c.e.d.c.UserController                   : Success : User creation success
2022-10-04 11:40:27.696  INFO Rajeevs-MBP.attlocal.net --- [           main] c.e.d.c.UserController                   : Trying to get the user with user id 2
2022-10-04 11:46:07.909  INFO Rajeevs-MBP.attlocal.net --- [           main] c.e.d.c.UserController                   : GET user by name testName
2022-10-04 11:46:37.414  INFO Rajeevs-MBP.attlocal.net --- [           main] c.e.d.c.UserController                   : GET user by name testName
2022-10-04 11:50:12.583  INFO Rajeevs-MBP.attlocal.net --- [           main] c.e.d.c.ItemController                   : Success : Items retrieved for the user
2022-10-04 11:50:12.635 ERROR Rajeevs-MBP.attlocal.net --- [           main] c.e.d.c.OrderController                  : Exception: No user found with username: testUser to view history
2022-10-04 11:50:12.636  INFO Rajeevs-MBP.attlocal.net --- [           main] c.e.d.c.OrderController                  : Success : Fetching ordered items
2022-10-04 11:50:12.637  INFO Rajeevs-MBP.attlocal.net --- [           main] c.e.d.c.OrderController                  : Order submitted with id: null for user: testName
2022-10-04 11:50:12.637  INFO Rajeevs-MBP.attlocal.net --- [           main] c.e.d.c.OrderController                  : Success : Order request success
2022-10-04 11:50:12.652  INFO Rajeevs-MBP.attlocal.net --- [           main] c.e.d.c.UserController                   : Trying to get the user with user id 4
2022-10-04 11:50:12.654  INFO Rajeevs-MBP.attlocal.net --- [           main] c.e.d.c.UserController                   : GET user by name testName
2022-10-04 11:50:12.656  INFO Rajeevs-MBP.attlocal.net --- [           main] c.e.d.c.UserController                   : Info Message : Trying to create user with username test
2022-10-04 11:50:12.657  INFO Rajeevs-MBP.attlocal.net --- [           main] c.e.d.c.UserController                   : User created successfully with username test
2022-10-04 11:50:12.657  INFO Rajeevs-MBP.attlocal.net --- [           main] c.e.d.c.UserController                   : Success : User creation success
2022-10-04 11:50:12.660  INFO Rajeevs-MBP.attlocal.net --- [           main] c.e.d.c.UserController                   : Trying to get the user with user id 2
2022-10-04 12:13:47.704  INFO Rajeevs-MBP.attlocal.net --- [           main] c.e.d.c.UserController                   : Trying to get the user with user id 4
2022-10-04 12:13:47.732  INFO Rajeevs-MBP.attlocal.net --- [           main] c.e.d.c.UserController                   : GET user by name testName
2022-10-04 12:13:47.733  INFO Rajeevs-MBP.attlocal.net --- [           main] c.e.d.c.UserController                   : Success : User with username testName retrieved
2022-10-04 12:13:47.735  INFO Rajeevs-MBP.attlocal.net --- [           main] c.e.d.c.UserController                   : Info Message : Trying to create user with username test
2022-10-04 12:13:47.735  INFO Rajeevs-MBP.attlocal.net --- [           main] c.e.d.c.UserController                   : User created successfully with username test
2022-10-04 12:13:47.736  INFO Rajeevs-MBP.attlocal.net --- [           main] c.e.d.c.UserController                   : Success : User creation success
2022-10-04 12:13:47.743  INFO Rajeevs-MBP.attlocal.net --- [           main] c.e.d.c.UserController                   : Trying to get the user with user id 2
2022-10-04 12:24:47.055 ERROR Rajeevs-MBP.attlocal.net --- [           main] c.e.d.c.UserController                   : Exception : Error with retrieving the user with username sowmya
2022-10-04 12:25:15.458  INFO Rajeevs-MBP.attlocal.net --- [           main] c.e.d.c.CartController                   : adding items to cart of user: testName
2022-10-04 12:25:15.463  INFO Rajeevs-MBP.attlocal.net --- [           main] c.e.d.c.CartController                   :  Success : items added to cart: 3 for user testName
2022-10-04 12:25:15.474  INFO Rajeevs-MBP.attlocal.net --- [           main] c.e.d.c.CartController                   : Success : Items removed from cart for user: testName
2022-10-04 12:25:15.476  INFO Rajeevs-MBP.attlocal.net --- [           main] c.e.d.c.ItemController                   : Success : Items retrieved for the user
2022-10-04 12:25:15.504 ERROR Rajeevs-MBP.attlocal.net --- [           main] c.e.d.c.OrderController                  : Exception: No user found with username: testUser to view history
2022-10-04 12:25:15.505  INFO Rajeevs-MBP.attlocal.net --- [           main] c.e.d.c.OrderController                  : Success : Fetching ordered items
2022-10-04 12:25:15.506  INFO Rajeevs-MBP.attlocal.net --- [           main] c.e.d.c.OrderController                  : Order submitted with id: null for user: testName
2022-10-04 12:25:15.507  INFO Rajeevs-MBP.attlocal.net --- [           main] c.e.d.c.OrderController                  : Success : Order request success
2022-10-04 12:25:15.521  INFO Rajeevs-MBP.attlocal.net --- [           main] c.e.d.c.UserController                   : Trying to get the user with user id 4
2022-10-04 12:25:15.522  INFO Rajeevs-MBP.attlocal.net --- [           main] c.e.d.c.UserController                   : Success : User with username testName retrieved
2022-10-04 12:25:15.525  INFO Rajeevs-MBP.attlocal.net --- [           main] c.e.d.c.UserController                   : Info Message : Trying to create user with username test
2022-10-04 12:25:15.526  INFO Rajeevs-MBP.attlocal.net --- [           main] c.e.d.c.UserController                   : User created successfully with username test
2022-10-04 12:25:15.526  INFO Rajeevs-MBP.attlocal.net --- [           main] c.e.d.c.UserController                   : Success : User creation success
2022-10-04 12:25:15.527 ERROR Rajeevs-MBP.attlocal.net --- [           main] c.e.d.c.UserController                   : Exception : Error with retrieving the user with username sowmya
2022-10-04 12:25:15.528  INFO Rajeevs-MBP.attlocal.net --- [           main] c.e.d.c.UserController                   : Trying to get the user with user id 2
2022-10-04 12:25:43.040 ERROR Rajeevs-MBP.attlocal.net --- [           main] c.e.d.c.UserController                   : Exception : Error with retrieving the user with username sowmya
2022-10-04 12:25:43.057  INFO Rajeevs-MBP.attlocal.net --- [           main] c.e.d.c.CartController                   : adding items to cart of user: testName
2022-10-04 12:25:43.058  INFO Rajeevs-MBP.attlocal.net --- [           main] c.e.d.c.CartController                   :  Success : items added to cart: 3 for user testName
2022-10-04 12:25:43.059 ERROR Rajeevs-MBP.attlocal.net --- [           main] c.e.d.c.UserController                   : Exception : Error with retrieving the user with username sowmya
2022-10-04 12:25:43.060  INFO Rajeevs-MBP.attlocal.net --- [           main] c.e.d.c.CartController                   : Success : Items removed from cart for user: testName
2022-10-04 12:25:43.063  INFO Rajeevs-MBP.attlocal.net --- [           main] c.e.d.c.ItemController                   : Success : Items retrieved for the user
2022-10-04 12:25:43.096 ERROR Rajeevs-MBP.attlocal.net --- [           main] c.e.d.c.OrderController                  : Exception: No user found with username: testUser to view history
2022-10-04 12:25:43.096  INFO Rajeevs-MBP.attlocal.net --- [           main] c.e.d.c.OrderController                  : Success : Fetching ordered items
2022-10-04 12:25:43.098  INFO Rajeevs-MBP.attlocal.net --- [           main] c.e.d.c.OrderController                  : Order submitted with id: null for user: testName
2022-10-04 12:25:43.099  INFO Rajeevs-MBP.attlocal.net --- [           main] c.e.d.c.OrderController                  : Success : Order request success
2022-10-04 12:25:43.113  INFO Rajeevs-MBP.attlocal.net --- [           main] c.e.d.c.UserController                   : Trying to get the user with user id 4
2022-10-04 12:25:43.115  INFO Rajeevs-MBP.attlocal.net --- [           main] c.e.d.c.UserController                   : Success : User with username testName retrieved
2022-10-04 12:25:43.117  INFO Rajeevs-MBP.attlocal.net --- [           main] c.e.d.c.UserController                   : Info Message : Trying to create user with username test
2022-10-04 12:25:43.118  INFO Rajeevs-MBP.attlocal.net --- [           main] c.e.d.c.UserController                   : User created successfully with username test
2022-10-04 12:25:43.119  INFO Rajeevs-MBP.attlocal.net --- [           main] c.e.d.c.UserController                   : Success : User creation success
2022-10-04 12:25:43.120 ERROR Rajeevs-MBP.attlocal.net --- [           main] c.e.d.c.UserController                   : Exception : Error with retrieving the user with username sowmya
2022-10-04 12:25:43.121  INFO Rajeevs-MBP.attlocal.net --- [           main] c.e.d.c.UserController                   : Trying to get the user with user id 2
2022-10-04 12:26:08.236 ERROR Rajeevs-MBP.attlocal.net --- [           main] c.e.d.c.UserController                   : Exception : Error with retrieving the user with username sowmya
2022-10-04 12:26:08.252  INFO Rajeevs-MBP.attlocal.net --- [           main] c.e.d.c.CartController                   : adding items to cart of user: testName
2022-10-04 12:26:08.253  INFO Rajeevs-MBP.attlocal.net --- [           main] c.e.d.c.CartController                   :  Success : items added to cart: 3 for user testName
2022-10-04 12:26:08.255 ERROR Rajeevs-MBP.attlocal.net --- [           main] c.e.d.c.UserController                   : Exception : Error with retrieving the user with username sowmya
2022-10-04 12:26:08.256  INFO Rajeevs-MBP.attlocal.net --- [           main] c.e.d.c.CartController                   : Success : Items removed from cart for user: testName
2022-10-04 12:26:08.258  INFO Rajeevs-MBP.attlocal.net --- [           main] c.e.d.c.ItemController                   : Success : Items retrieved for the user
2022-10-04 12:26:08.291 ERROR Rajeevs-MBP.attlocal.net --- [           main] c.e.d.c.OrderController                  : Exception: No user found with username: testUser to view history
2022-10-04 12:26:08.291  INFO Rajeevs-MBP.attlocal.net --- [           main] c.e.d.c.OrderController                  : Success : Fetching ordered items
2022-10-04 12:26:08.293  INFO Rajeevs-MBP.attlocal.net --- [           main] c.e.d.c.OrderController                  : Order submitted with id: null for user: testName
2022-10-04 12:26:08.294  INFO Rajeevs-MBP.attlocal.net --- [           main] c.e.d.c.OrderController                  : Success : Order request success
2022-10-04 12:26:08.312  INFO Rajeevs-MBP.attlocal.net --- [           main] c.e.d.c.UserController                   : Trying to get the user with user id 4
2022-10-04 12:26:08.314 ERROR Rajeevs-MBP.attlocal.net --- [           main] c.e.d.c.UserController                   : Exception : Error with retrieving the user with username testName
2022-10-04 12:26:08.318  INFO Rajeevs-MBP.attlocal.net --- [           main] c.e.d.c.UserController                   : Info Message : Trying to create user with username test
2022-10-04 12:26:08.319  INFO Rajeevs-MBP.attlocal.net --- [           main] c.e.d.c.UserController                   : User created successfully with username test
2022-10-04 12:26:08.320  INFO Rajeevs-MBP.attlocal.net --- [           main] c.e.d.c.UserController                   : Success : User creation success
2022-10-04 12:26:08.322 ERROR Rajeevs-MBP.attlocal.net --- [           main] c.e.d.c.UserController                   : Exception : Error with retrieving the user with username sowmya
2022-10-04 12:26:08.323  INFO Rajeevs-MBP.attlocal.net --- [           main] c.e.d.c.UserController                   : Trying to get the user with user id 2
2022-10-04 12:26:40.065  INFO Rajeevs-MBP.attlocal.net --- [           main] .b.t.c.SpringBootTestContextBootstrapper : Neither @ContextConfiguration nor @ContextHierarchy found for test class [com.example.demo.SareetaApplicationTests], using SpringBootContextLoader
2022-10-04 12:26:40.070  INFO Rajeevs-MBP.attlocal.net --- [           main] o.s.t.c.s.AbstractContextLoader          : Could not detect default resource locations for test class [com.example.demo.SareetaApplicationTests]: no resource found for suffixes {-context.xml, Context.groovy}.
2022-10-04 12:26:40.071  INFO Rajeevs-MBP.attlocal.net --- [           main] t.c.s.AnnotationConfigContextLoaderUtils : Could not detect default configuration classes for test class [com.example.demo.SareetaApplicationTests]: SareetaApplicationTests does not declare any static, non-private, non-final, nested classes annotated with @Configuration.
2022-10-04 12:26:40.158  INFO Rajeevs-MBP.attlocal.net --- [           main] .b.t.c.SpringBootTestContextBootstrapper : Found @SpringBootConfiguration com.example.demo.SareetaApplication for test class com.example.demo.SareetaApplicationTests
2022-10-04 12:26:40.218  INFO Rajeevs-MBP.attlocal.net --- [           main] .b.t.c.SpringBootTestContextBootstrapper : Loaded default TestExecutionListener class names from location [META-INF/spring.factories]: [org.springframework.boot.test.mock.mockito.MockitoTestExecutionListener, org.springframework.boot.test.mock.mockito.ResetMocksTestExecutionListener, org.springframework.boot.test.autoconfigure.restdocs.RestDocsTestExecutionListener, org.springframework.boot.test.autoconfigure.web.client.MockRestServiceServerResetTestExecutionListener, org.springframework.boot.test.autoconfigure.web.servlet.MockMvcPrintOnlyOnFailureTestExecutionListener, org.springframework.boot.test.autoconfigure.web.servlet.WebDriverTestExecutionListener, org.springframework.test.context.web.ServletTestExecutionListener, org.springframework.test.context.support.DirtiesContextBeforeModesTestExecutionListener, org.springframework.test.context.support.DependencyInjectionTestExecutionListener, org.springframework.test.context.support.DirtiesContextTestExecutionListener, org.springframework.test.context.transaction.TransactionalTestExecutionListener, org.springframework.test.context.jdbc.SqlScriptsTestExecutionListener, org.springframework.security.test.context.support.WithSecurityContextTestExecutionListener, org.springframework.security.test.context.support.ReactorContextTestExecutionListener]
2022-10-04 12:26:40.236  INFO Rajeevs-MBP.attlocal.net --- [           main] .b.t.c.SpringBootTestContextBootstrapper : Using TestExecutionListeners: [org.springframework.test.context.web.ServletTestExecutionListener@784b990c, org.springframework.test.context.support.DirtiesContextBeforeModesTestExecutionListener@3d3ba765, org.springframework.boot.test.mock.mockito.MockitoTestExecutionListener@25bc0606, org.springframework.boot.test.autoconfigure.SpringBootDependencyInjectionTestExecutionListener@5d1659ea, org.springframework.test.context.support.DirtiesContextTestExecutionListener@793138bd, org.springframework.test.context.transaction.TransactionalTestExecutionListener@1951b871, org.springframework.test.context.jdbc.SqlScriptsTestExecutionListener@5c18016b, org.springframework.security.test.context.support.WithSecurityContextTestExecutionListener@33aeca0b, org.springframework.security.test.context.support.ReactorContextTestExecutionListener@43aaf813, org.springframework.boot.test.mock.mockito.ResetMocksTestExecutionListener@57ac5227, org.springframework.boot.test.autoconfigure.restdocs.RestDocsTestExecutionListener@4ba302e0, org.springframework.boot.test.autoconfigure.web.client.MockRestServiceServerResetTestExecutionListener@e98770d, org.springframework.boot.test.autoconfigure.web.servlet.MockMvcPrintOnlyOnFailureTestExecutionListener@1ae67cad, org.springframework.boot.test.autoconfigure.web.servlet.WebDriverTestExecutionListener@2f6e28bc]
2022-10-04 12:26:40.423  INFO Rajeevs-MBP.attlocal.net --- [           main] c.e.d.SareetaApplicationTests            : Starting SareetaApplicationTests on Rajeevs-MBP.attlocal.net with PID 95538 (started by rkommareddy in /Users/rkommareddy/Documents/devOpsProject/nd035-c4-Security-and-DevOps/starter_code)
2022-10-04 12:26:40.424  INFO Rajeevs-MBP.attlocal.net --- [           main] c.e.d.SareetaApplicationTests            : No active profile set, falling back to default profiles: default
2022-10-04 12:26:40.831  INFO Rajeevs-MBP.attlocal.net --- [           main] .s.d.r.c.RepositoryConfigurationDelegate : Bootstrapping Spring Data repositories in DEFAULT mode.
2022-10-04 12:26:40.890  INFO Rajeevs-MBP.attlocal.net --- [           main] .s.d.r.c.RepositoryConfigurationDelegate : Finished Spring Data repository scanning in 50ms. Found 4 repository interfaces.
2022-10-04 12:26:41.302  INFO Rajeevs-MBP.attlocal.net --- [           main] trationDelegate$BeanPostProcessorChecker : Bean 'org.springframework.transaction.annotation.ProxyTransactionManagementConfiguration' of type [org.springframework.transaction.annotation.ProxyTransactionManagementConfiguration$$EnhancerBySpringCGLIB$$f38ce5fc] is not eligible for getting processed by all BeanPostProcessors (for example: not eligible for auto-proxying)
2022-10-04 12:26:41.490  INFO Rajeevs-MBP.attlocal.net --- [           main] c.z.h.HikariDataSource                   : HikariPool-1 - Starting...
2022-10-04 12:26:41.648  INFO Rajeevs-MBP.attlocal.net --- [           main] c.z.h.HikariDataSource                   : HikariPool-1 - Start completed.
2022-10-04 12:26:41.706  INFO Rajeevs-MBP.attlocal.net --- [           main] o.h.j.i.u.LogHelper                      : HHH000204: Processing PersistenceUnitInfo [
	name: default
	...]
2022-10-04 12:26:41.786  INFO Rajeevs-MBP.attlocal.net --- [           main] o.h.Version                              : HHH000412: Hibernate Core {5.3.10.Final}
2022-10-04 12:26:41.787  INFO Rajeevs-MBP.attlocal.net --- [           main] o.h.c.Environment                        : HHH000206: hibernate.properties not found
2022-10-04 12:26:41.914  INFO Rajeevs-MBP.attlocal.net --- [           main] o.h.a.c.Version                          : HCANN000001: Hibernate Commons Annotations {5.0.4.Final}
2022-10-04 12:26:42.031  INFO Rajeevs-MBP.attlocal.net --- [           main] o.h.d.Dialect                            : HHH000400: Using dialect: org.hibernate.dialect.H2Dialect
2022-10-04 12:26:42.644  INFO Rajeevs-MBP.attlocal.net --- [           main] j.LocalContainerEntityManagerFactoryBean : Initialized JPA EntityManagerFactory for persistence unit 'default'
2022-10-04 12:26:43.185  WARN Rajeevs-MBP.attlocal.net --- [           main] aWebConfiguration$JpaWebMvcConfiguration : spring.jpa.open-in-view is enabled by default. Therefore, database queries may be performed during view rendering. Explicitly configure spring.jpa.open-in-view to disable this warning
2022-10-04 12:26:43.264  INFO Rajeevs-MBP.attlocal.net --- [           main] o.s.s.w.DefaultSecurityFilterChain       : Creating filter chain: any request, [org.springframework.security.web.context.request.async.WebAsyncManagerIntegrationFilter@84becbe, org.springframework.security.web.context.SecurityContextPersistenceFilter@750c23a3, org.springframework.security.web.header.HeaderWriterFilter@73c09a98, org.springframework.web.filter.CorsFilter@13dc383b, org.springframework.security.web.authentication.logout.LogoutFilter@8091d80, com.example.demo.security.JWTAuthenticationFilter@6885f3f7, com.example.demo.security.JWTAuthenticationVerficationFilter@392ef4ff, org.springframework.security.web.savedrequest.RequestCacheAwareFilter@5dc120ab, org.springframework.security.web.servletapi.SecurityContextHolderAwareRequestFilter@35b58254, org.springframework.security.web.authentication.AnonymousAuthenticationFilter@6ed7c178, org.springframework.security.web.session.SessionManagementFilter@27d6467, org.springframework.security.web.access.ExceptionTranslationFilter@71d2261e, org.springframework.security.web.access.intercept.FilterSecurityInterceptor@62f305bc]
2022-10-04 12:26:43.543  INFO Rajeevs-MBP.attlocal.net --- [           main] o.s.s.c.ThreadPoolTaskExecutor           : Initializing ExecutorService 'applicationTaskExecutor'
2022-10-04 12:26:43.720  INFO Rajeevs-MBP.attlocal.net --- [           main] c.e.d.SareetaApplicationTests            : Started SareetaApplicationTests in 3.433 seconds (JVM running for 4.616)
2022-10-04 12:26:43.935 ERROR Rajeevs-MBP.attlocal.net --- [           main] c.e.d.c.UserController                   : Exception : Error with retrieving the user with username sowmya
2022-10-04 12:26:43.941  INFO Rajeevs-MBP.attlocal.net --- [           main] c.e.d.c.CartController                   : adding items to cart of user: testName
2022-10-04 12:26:43.942  INFO Rajeevs-MBP.attlocal.net --- [           main] c.e.d.c.CartController                   :  Success : items added to cart: 3 for user testName
2022-10-04 12:26:43.943 ERROR Rajeevs-MBP.attlocal.net --- [           main] c.e.d.c.UserController                   : Exception : Error with retrieving the user with username sowmya
2022-10-04 12:26:43.943  INFO Rajeevs-MBP.attlocal.net --- [           main] c.e.d.c.CartController                   : Success : Items removed from cart for user: testName
2022-10-04 12:26:43.945  INFO Rajeevs-MBP.attlocal.net --- [           main] c.e.d.c.ItemController                   : Success : Items retrieved for the user
2022-10-04 12:26:43.981 ERROR Rajeevs-MBP.attlocal.net --- [           main] c.e.d.c.OrderController                  : Exception: No user found with username: testUser to view history
2022-10-04 12:26:43.982  INFO Rajeevs-MBP.attlocal.net --- [           main] c.e.d.c.OrderController                  : Success : Fetching ordered items
2022-10-04 12:26:43.984  INFO Rajeevs-MBP.attlocal.net --- [           main] c.e.d.c.OrderController                  : Order submitted with id: null for user: testName
2022-10-04 12:26:43.984  INFO Rajeevs-MBP.attlocal.net --- [           main] c.e.d.c.OrderController                  : Success : Order request success
2022-10-04 12:26:44.008  INFO Rajeevs-MBP.attlocal.net --- [           main] c.e.d.c.UserController                   : Trying to get the user with user id 4
2022-10-04 12:26:44.008 ERROR Rajeevs-MBP.attlocal.net --- [           main] c.e.d.c.UserController                   : Exception : Error with retrieving the user with username testName
2022-10-04 12:26:44.011  INFO Rajeevs-MBP.attlocal.net --- [           main] c.e.d.c.UserController                   : Info Message : Trying to create user with username test
2022-10-04 12:26:44.012  INFO Rajeevs-MBP.attlocal.net --- [           main] c.e.d.c.UserController                   : User created successfully with username test
2022-10-04 12:26:44.012  INFO Rajeevs-MBP.attlocal.net --- [           main] c.e.d.c.UserController                   : Success : User creation success
2022-10-04 12:26:44.013 ERROR Rajeevs-MBP.attlocal.net --- [           main] c.e.d.c.UserController                   : Exception : Error with retrieving the user with username sowmya
2022-10-04 12:26:44.014  INFO Rajeevs-MBP.attlocal.net --- [           main] c.e.d.c.UserController                   : Trying to get the user with user id 2
2022-10-04 12:26:44.018  INFO Rajeevs-MBP.attlocal.net --- [       Thread-4] o.s.s.c.ThreadPoolTaskExecutor           : Shutting down ExecutorService 'applicationTaskExecutor'
2022-10-04 12:26:44.020  INFO Rajeevs-MBP.attlocal.net --- [       Thread-4] j.LocalContainerEntityManagerFactoryBean : Closing JPA EntityManagerFactory for persistence unit 'default'
2022-10-04 12:26:44.024  INFO Rajeevs-MBP.attlocal.net --- [       Thread-4] c.z.h.HikariDataSource                   : HikariPool-1 - Shutdown initiated...
2022-10-04 12:26:44.026  INFO Rajeevs-MBP.attlocal.net --- [       Thread-4] c.z.h.HikariDataSource                   : HikariPool-1 - Shutdown completed.
