2022-10-03 23:35:11.863  INFO Rajeevs-MBP.attlocal.net --- [           main] c.e.d.SareetaApplication                 : Starting SareetaApplication on Rajeevs-MBP.attlocal.net with PID 61120 (/Users/rkommareddy/Documents/devOpsProject/nd035-c4-Security-and-DevOps/starter_code/target/classes started by rkommareddy in /Users/rkommareddy/Documents/devOpsProject/nd035-c4-Security-and-DevOps)
2022-10-03 23:35:11.869  INFO Rajeevs-MBP.attlocal.net --- [           main] c.e.d.SareetaApplication                 : No active profile set, falling back to default profiles: default
2022-10-03 23:35:12.361  INFO Rajeevs-MBP.attlocal.net --- [           main] .s.d.r.c.RepositoryConfigurationDelegate : Bootstrapping Spring Data repositories in DEFAULT mode.
2022-10-03 23:35:12.420  INFO Rajeevs-MBP.attlocal.net --- [           main] .s.d.r.c.RepositoryConfigurationDelegate : Finished Spring Data repository scanning in 52ms. Found 4 repository interfaces.
2022-10-03 23:35:12.814  INFO Rajeevs-MBP.attlocal.net --- [           main] trationDelegate$BeanPostProcessorChecker : Bean 'org.springframework.transaction.annotation.ProxyTransactionManagementConfiguration' of type [org.springframework.transaction.annotation.ProxyTransactionManagementConfiguration$$EnhancerBySpringCGLIB$$f9e17dcc] is not eligible for getting processed by all BeanPostProcessors (for example: not eligible for auto-proxying)
2022-10-03 23:35:13.042  INFO Rajeevs-MBP.attlocal.net --- [           main] o.s.b.w.e.t.TomcatWebServer              : Tomcat initialized with port(s): 8080 (http)
2022-10-03 23:35:13.057  INFO Rajeevs-MBP.attlocal.net --- [           main] o.a.c.h.Http11NioProtocol                : Initializing ProtocolHandler ["http-nio-8080"]
2022-10-03 23:35:13.067  INFO Rajeevs-MBP.attlocal.net --- [           main] o.a.c.c.StandardService                  : Starting service [Tomcat]
2022-10-03 23:35:13.067  INFO Rajeevs-MBP.attlocal.net --- [           main] o.a.c.c.StandardEngine                   : Starting Servlet engine: [Apache Tomcat/9.0.19]
2022-10-03 23:35:13.162  INFO Rajeevs-MBP.attlocal.net --- [           main] o.a.c.c.C.[.[.[/]                        : Initializing Spring embedded WebApplicationContext
2022-10-03 23:35:13.162  INFO Rajeevs-MBP.attlocal.net --- [           main] o.s.w.c.ContextLoader                    : Root WebApplicationContext: initialization completed in 1234 ms
2022-10-03 23:35:13.304  INFO Rajeevs-MBP.attlocal.net --- [           main] c.z.h.HikariDataSource                   : HikariPool-1 - Starting...
2022-10-03 23:35:13.443  INFO Rajeevs-MBP.attlocal.net --- [           main] c.z.h.HikariDataSource                   : HikariPool-1 - Start completed.
2022-10-03 23:35:13.484  INFO Rajeevs-MBP.attlocal.net --- [           main] o.h.j.i.u.LogHelper                      : HHH000204: Processing PersistenceUnitInfo [
	name: default
	...]
2022-10-03 23:35:13.544  INFO Rajeevs-MBP.attlocal.net --- [           main] o.h.Version                              : HHH000412: Hibernate Core {5.3.10.Final}
2022-10-03 23:35:13.546  INFO Rajeevs-MBP.attlocal.net --- [           main] o.h.c.Environment                        : HHH000206: hibernate.properties not found
2022-10-03 23:35:13.673  INFO Rajeevs-MBP.attlocal.net --- [           main] o.h.a.c.Version                          : HCANN000001: Hibernate Commons Annotations {5.0.4.Final}
2022-10-03 23:35:13.778  INFO Rajeevs-MBP.attlocal.net --- [           main] o.h.d.Dialect                            : HHH000400: Using dialect: org.hibernate.dialect.H2Dialect
2022-10-03 23:35:14.359  INFO Rajeevs-MBP.attlocal.net --- [           main] j.LocalContainerEntityManagerFactoryBean : Initialized JPA EntityManagerFactory for persistence unit 'default'
2022-10-03 23:35:14.821  WARN Rajeevs-MBP.attlocal.net --- [           main] aWebConfiguration$JpaWebMvcConfiguration : spring.jpa.open-in-view is enabled by default. Therefore, database queries may be performed during view rendering. Explicitly configure spring.jpa.open-in-view to disable this warning
2022-10-03 23:35:14.879  INFO Rajeevs-MBP.attlocal.net --- [           main] o.s.s.w.DefaultSecurityFilterChain       : Creating filter chain: any request, [org.springframework.security.web.context.request.async.WebAsyncManagerIntegrationFilter@34c6b52e, org.springframework.security.web.context.SecurityContextPersistenceFilter@6f8fb906, org.springframework.security.web.header.HeaderWriterFilter@742dbac8, org.springframework.web.filter.CorsFilter@6f7c4e0, org.springframework.security.web.authentication.logout.LogoutFilter@b889cb6, com.example.demo.security.JWTAuthenticationFilter@25e203e6, com.example.demo.security.JWTAuthenticationVerficationFilter@8b1bfdf, org.springframework.security.web.savedrequest.RequestCacheAwareFilter@244f356, org.springframework.security.web.servletapi.SecurityContextHolderAwareRequestFilter@3065efd0, org.springframework.security.web.authentication.AnonymousAuthenticationFilter@95f1422, org.springframework.security.web.session.SessionManagementFilter@3538a129, org.springframework.security.web.access.ExceptionTranslationFilter@746da54f, org.springframework.security.web.access.intercept.FilterSecurityInterceptor@523f3c29]
2022-10-03 23:35:14.963  INFO Rajeevs-MBP.attlocal.net --- [           main] o.s.s.c.ThreadPoolTaskExecutor           : Initializing ExecutorService 'applicationTaskExecutor'
2022-10-03 23:35:15.084  INFO Rajeevs-MBP.attlocal.net --- [           main] o.a.c.h.Http11NioProtocol                : Starting ProtocolHandler ["http-nio-8080"]
2022-10-03 23:35:15.112  INFO Rajeevs-MBP.attlocal.net --- [           main] o.s.b.w.e.t.TomcatWebServer              : Tomcat started on port(s): 8080 (http) with context path ''
2022-10-03 23:35:15.114  INFO Rajeevs-MBP.attlocal.net --- [           main] c.e.d.SareetaApplication                 : Started SareetaApplication in 3.483 seconds (JVM running for 4.244)
2022-10-03 23:35:24.544  INFO Rajeevs-MBP.attlocal.net --- [nio-8080-exec-2] o.a.c.c.C.[.[.[/]                        : Initializing Spring DispatcherServlet 'dispatcherServlet'
2022-10-03 23:35:24.544  INFO Rajeevs-MBP.attlocal.net --- [nio-8080-exec-2] o.s.w.s.DispatcherServlet                : Initializing Servlet 'dispatcherServlet'
2022-10-03 23:35:24.551  INFO Rajeevs-MBP.attlocal.net --- [nio-8080-exec-2] o.s.w.s.DispatcherServlet                : Completed initialization in 7 ms
2022-10-03 23:35:24.629  INFO Rajeevs-MBP.attlocal.net --- [nio-8080-exec-2] c.e.d.c.UserController                   : user name is set with Rajeev12
2022-10-03 23:35:50.121  INFO Rajeevs-MBP.attlocal.net --- [nio-8080-exec-3] o.h.h.i.QueryTranslatorFactoryInitiator  : HHH000397: Using ASTQueryTranslatorFactory
2022-10-03 23:52:53.097  INFO Rajeevs-MBP.attlocal.net --- [       Thread-3] o.s.s.c.ThreadPoolTaskExecutor           : Shutting down ExecutorService 'applicationTaskExecutor'
2022-10-03 23:52:53.099  INFO Rajeevs-MBP.attlocal.net --- [       Thread-3] j.LocalContainerEntityManagerFactoryBean : Closing JPA EntityManagerFactory for persistence unit 'default'
2022-10-03 23:52:53.102  INFO Rajeevs-MBP.attlocal.net --- [       Thread-3] c.z.h.HikariDataSource                   : HikariPool-1 - Shutdown initiated...
2022-10-03 23:52:53.105  INFO Rajeevs-MBP.attlocal.net --- [       Thread-3] c.z.h.HikariDataSource                   : HikariPool-1 - Shutdown completed.
2022-10-03 23:52:59.764  INFO Rajeevs-MBP.attlocal.net --- [           main] c.e.d.SareetaApplication                 : Starting SareetaApplication on Rajeevs-MBP.attlocal.net with PID 63243 (/Users/rkommareddy/Documents/devOpsProject/nd035-c4-Security-and-DevOps/starter_code/target/classes started by rkommareddy in /Users/rkommareddy/Documents/devOpsProject/nd035-c4-Security-and-DevOps)
2022-10-03 23:52:59.768  INFO Rajeevs-MBP.attlocal.net --- [           main] c.e.d.SareetaApplication                 : No active profile set, falling back to default profiles: default
2022-10-03 23:53:00.205  INFO Rajeevs-MBP.attlocal.net --- [           main] .s.d.r.c.RepositoryConfigurationDelegate : Bootstrapping Spring Data repositories in DEFAULT mode.
2022-10-03 23:53:00.273  INFO Rajeevs-MBP.attlocal.net --- [           main] .s.d.r.c.RepositoryConfigurationDelegate : Finished Spring Data repository scanning in 50ms. Found 4 repository interfaces.
2022-10-03 23:53:00.692  INFO Rajeevs-MBP.attlocal.net --- [           main] trationDelegate$BeanPostProcessorChecker : Bean 'org.springframework.transaction.annotation.ProxyTransactionManagementConfiguration' of type [org.springframework.transaction.annotation.ProxyTransactionManagementConfiguration$$EnhancerBySpringCGLIB$$a6c7f426] is not eligible for getting processed by all BeanPostProcessors (for example: not eligible for auto-proxying)
2022-10-03 23:53:00.915  INFO Rajeevs-MBP.attlocal.net --- [           main] o.s.b.w.e.t.TomcatWebServer              : Tomcat initialized with port(s): 8080 (http)
2022-10-03 23:53:00.927  INFO Rajeevs-MBP.attlocal.net --- [           main] o.a.c.h.Http11NioProtocol                : Initializing ProtocolHandler ["http-nio-8080"]
2022-10-03 23:53:00.936  INFO Rajeevs-MBP.attlocal.net --- [           main] o.a.c.c.StandardService                  : Starting service [Tomcat]
2022-10-03 23:53:00.937  INFO Rajeevs-MBP.attlocal.net --- [           main] o.a.c.c.StandardEngine                   : Starting Servlet engine: [Apache Tomcat/9.0.19]
2022-10-03 23:53:01.012  INFO Rajeevs-MBP.attlocal.net --- [           main] o.a.c.c.C.[.[.[/]                        : Initializing Spring embedded WebApplicationContext
2022-10-03 23:53:01.012  INFO Rajeevs-MBP.attlocal.net --- [           main] o.s.w.c.ContextLoader                    : Root WebApplicationContext: initialization completed in 1194 ms
2022-10-03 23:53:01.148  INFO Rajeevs-MBP.attlocal.net --- [           main] c.z.h.HikariDataSource                   : HikariPool-1 - Starting...
2022-10-03 23:53:01.282  INFO Rajeevs-MBP.attlocal.net --- [           main] c.z.h.HikariDataSource                   : HikariPool-1 - Start completed.
2022-10-03 23:53:01.324  INFO Rajeevs-MBP.attlocal.net --- [           main] o.h.j.i.u.LogHelper                      : HHH000204: Processing PersistenceUnitInfo [
	name: default
	...]
2022-10-03 23:53:01.386  INFO Rajeevs-MBP.attlocal.net --- [           main] o.h.Version                              : HHH000412: Hibernate Core {5.3.10.Final}
2022-10-03 23:53:01.387  INFO Rajeevs-MBP.attlocal.net --- [           main] o.h.c.Environment                        : HHH000206: hibernate.properties not found
2022-10-03 23:53:01.516  INFO Rajeevs-MBP.attlocal.net --- [           main] o.h.a.c.Version                          : HCANN000001: Hibernate Commons Annotations {5.0.4.Final}
2022-10-03 23:53:01.631  INFO Rajeevs-MBP.attlocal.net --- [           main] o.h.d.Dialect                            : HHH000400: Using dialect: org.hibernate.dialect.H2Dialect
2022-10-03 23:53:02.201  INFO Rajeevs-MBP.attlocal.net --- [           main] j.LocalContainerEntityManagerFactoryBean : Initialized JPA EntityManagerFactory for persistence unit 'default'
2022-10-03 23:53:02.646  WARN Rajeevs-MBP.attlocal.net --- [           main] aWebConfiguration$JpaWebMvcConfiguration : spring.jpa.open-in-view is enabled by default. Therefore, database queries may be performed during view rendering. Explicitly configure spring.jpa.open-in-view to disable this warning
2022-10-03 23:53:02.697  INFO Rajeevs-MBP.attlocal.net --- [           main] o.s.s.w.DefaultSecurityFilterChain       : Creating filter chain: any request, [org.springframework.security.web.context.request.async.WebAsyncManagerIntegrationFilter@11cdf948, org.springframework.security.web.context.SecurityContextPersistenceFilter@3a66d97e, org.springframework.security.web.header.HeaderWriterFilter@3f62d56, org.springframework.web.filter.CorsFilter@523f3c29, org.springframework.security.web.authentication.logout.LogoutFilter@61aa6300, com.example.demo.security.JWTAuthenticationFilter@2fd8b081, com.example.demo.security.JWTAuthenticationVerficationFilter@2fe38b73, org.springframework.security.web.savedrequest.RequestCacheAwareFilter@d28a235, org.springframework.security.web.servletapi.SecurityContextHolderAwareRequestFilter@3538a129, org.springframework.security.web.authentication.AnonymousAuthenticationFilter@511a307e, org.springframework.security.web.session.SessionManagementFilter@448a6d00, org.springframework.security.web.access.ExceptionTranslationFilter@1aee6983, org.springframework.security.web.access.intercept.FilterSecurityInterceptor@6b6606d1]
2022-10-03 23:53:02.776  INFO Rajeevs-MBP.attlocal.net --- [           main] o.s.s.c.ThreadPoolTaskExecutor           : Initializing ExecutorService 'applicationTaskExecutor'
2022-10-03 23:53:02.889  INFO Rajeevs-MBP.attlocal.net --- [           main] o.a.c.h.Http11NioProtocol                : Starting ProtocolHandler ["http-nio-8080"]
2022-10-03 23:53:02.916  INFO Rajeevs-MBP.attlocal.net --- [           main] o.s.b.w.e.t.TomcatWebServer              : Tomcat started on port(s): 8080 (http) with context path ''
2022-10-03 23:53:02.917  INFO Rajeevs-MBP.attlocal.net --- [           main] c.e.d.SareetaApplication                 : Started SareetaApplication in 3.38 seconds (JVM running for 4.062)
2022-10-03 23:53:10.900  INFO Rajeevs-MBP.attlocal.net --- [nio-8080-exec-2] o.a.c.c.C.[.[.[/]                        : Initializing Spring DispatcherServlet 'dispatcherServlet'
2022-10-03 23:53:10.900  INFO Rajeevs-MBP.attlocal.net --- [nio-8080-exec-2] o.s.w.s.DispatcherServlet                : Initializing Servlet 'dispatcherServlet'
2022-10-03 23:53:10.906  INFO Rajeevs-MBP.attlocal.net --- [nio-8080-exec-2] o.s.w.s.DispatcherServlet                : Completed initialization in 5 ms
2022-10-03 23:53:10.976  INFO Rajeevs-MBP.attlocal.net --- [nio-8080-exec-2] c.e.d.c.UserController                   : username is set with Rajeev12
2022-10-03 23:53:23.918  INFO Rajeevs-MBP.attlocal.net --- [nio-8080-exec-3] o.h.h.i.QueryTranslatorFactoryInitiator  : HHH000397: Using ASTQueryTranslatorFactory
2022-10-03 23:53:42.772  INFO Rajeevs-MBP.attlocal.net --- [nio-8080-exec-4] c.e.d.c.UserController                   : GET user by name Rajeev12
2022-10-03 23:53:48.906  INFO Rajeevs-MBP.attlocal.net --- [nio-8080-exec-5] c.e.d.c.CartController                   : adding items to cart of user: Rajeev12
2022-10-03 23:53:48.911  WARN Rajeevs-MBP.attlocal.net --- [nio-8080-exec-5] c.e.d.c.CartController                   : items not found in cart
2022-10-03 23:53:54.119  INFO Rajeevs-MBP.attlocal.net --- [nio-8080-exec-6] c.e.d.c.CartController                   : adding items to cart of user: Rajeev12
2022-10-03 23:53:54.121  WARN Rajeevs-MBP.attlocal.net --- [nio-8080-exec-6] c.e.d.c.CartController                   : items not found in cart
2022-10-03 23:53:58.767  INFO Rajeevs-MBP.attlocal.net --- [nio-8080-exec-7] c.e.d.c.CartController                   : adding items to cart of user: Rajeev12
2022-10-03 23:53:58.782  INFO Rajeevs-MBP.attlocal.net --- [nio-8080-exec-7] c.e.d.c.CartController                   : items added to cart: [com.example.demo.model.persistence.Item@21] for user Rajeev12
2022-10-03 23:54:10.008  INFO Rajeevs-MBP.attlocal.net --- [nio-8080-exec-8] c.e.d.c.OrderController                  : Order submitted with id: 1 for user: Rajeev12
2022-10-03 23:54:21.553  INFO Rajeevs-MBP.attlocal.net --- [nio-8080-exec-9] c.e.d.c.OrderController                  : User: Rajeev12 ordered items: <200 OK OK,[com.example.demo.model.persistence.UserOrder@4d7abf0f],[]>
2022-10-04 01:21:45.843  WARN Rajeevs-MBP.attlocal.net --- [l-1 housekeeper] c.z.h.p.HikariPool                       : HikariPool-1 - Thread starvation or clock leap detected (housekeeper delta=5m13s738ms).
2022-10-04 05:17:05.713  WARN Rajeevs-MBP.attlocal.net --- [l-1 housekeeper] c.z.h.p.HikariPool                       : HikariPool-1 - Thread starvation or clock leap detected (housekeeper delta=3h55m19s613ms).
2022-10-04 07:18:01.731  WARN Rajeevs-MBP.attlocal.net --- [l-1 housekeeper] c.z.h.p.HikariPool                       : HikariPool-1 - Thread starvation or clock leap detected (housekeeper delta=2h25s755ms).
2022-10-04 07:47:28.227  WARN Rajeevs-MBP.attlocal.net --- [l-1 housekeeper] c.z.h.p.HikariPool                       : HikariPool-1 - Thread starvation or clock leap detected (housekeeper delta=29m26s502ms).
2022-10-04 11:30:22.887  INFO Rajeevs-MBP.attlocal.net --- [       Thread-3] o.s.s.c.ThreadPoolTaskExecutor           : Shutting down ExecutorService 'applicationTaskExecutor'
2022-10-04 11:30:22.891  INFO Rajeevs-MBP.attlocal.net --- [       Thread-3] j.LocalContainerEntityManagerFactoryBean : Closing JPA EntityManagerFactory for persistence unit 'default'
2022-10-04 11:30:22.903  INFO Rajeevs-MBP.attlocal.net --- [       Thread-3] c.z.h.HikariDataSource                   : HikariPool-1 - Shutdown initiated...
2022-10-04 11:30:22.910  INFO Rajeevs-MBP.attlocal.net --- [       Thread-3] c.z.h.HikariDataSource                   : HikariPool-1 - Shutdown completed.
2022-10-04 12:00:08.386  INFO Rajeevs-MBP.attlocal.net --- [           main] c.e.d.SareetaApplication                 : Starting SareetaApplication on Rajeevs-MBP.attlocal.net with PID 93538 (/Users/rkommareddy/Documents/devOpsProject/nd035-c4-Security-and-DevOps/starter_code/target/classes started by rkommareddy in /Users/rkommareddy/Documents/devOpsProject/nd035-c4-Security-and-DevOps)
2022-10-04 12:00:08.392  INFO Rajeevs-MBP.attlocal.net --- [           main] c.e.d.SareetaApplication                 : No active profile set, falling back to default profiles: default
2022-10-04 12:00:08.832  INFO Rajeevs-MBP.attlocal.net --- [           main] .s.d.r.c.RepositoryConfigurationDelegate : Bootstrapping Spring Data repositories in DEFAULT mode.
2022-10-04 12:00:08.885  INFO Rajeevs-MBP.attlocal.net --- [           main] .s.d.r.c.RepositoryConfigurationDelegate : Finished Spring Data repository scanning in 45ms. Found 4 repository interfaces.
2022-10-04 12:00:09.268  INFO Rajeevs-MBP.attlocal.net --- [           main] trationDelegate$BeanPostProcessorChecker : Bean 'org.springframework.transaction.annotation.ProxyTransactionManagementConfiguration' of type [org.springframework.transaction.annotation.ProxyTransactionManagementConfiguration$$EnhancerBySpringCGLIB$$f3d6ab4b] is not eligible for getting processed by all BeanPostProcessors (for example: not eligible for auto-proxying)
2022-10-04 12:00:09.491  INFO Rajeevs-MBP.attlocal.net --- [           main] o.s.b.w.e.t.TomcatWebServer              : Tomcat initialized with port(s): 8080 (http)
2022-10-04 12:00:09.505  INFO Rajeevs-MBP.attlocal.net --- [           main] o.a.c.h.Http11NioProtocol                : Initializing ProtocolHandler ["http-nio-8080"]
2022-10-04 12:00:09.514  INFO Rajeevs-MBP.attlocal.net --- [           main] o.a.c.c.StandardService                  : Starting service [Tomcat]
2022-10-04 12:00:09.514  INFO Rajeevs-MBP.attlocal.net --- [           main] o.a.c.c.StandardEngine                   : Starting Servlet engine: [Apache Tomcat/9.0.19]
2022-10-04 12:00:09.602  INFO Rajeevs-MBP.attlocal.net --- [           main] o.a.c.c.C.[.[.[/]                        : Initializing Spring embedded WebApplicationContext
2022-10-04 12:00:09.603  INFO Rajeevs-MBP.attlocal.net --- [           main] o.s.w.c.ContextLoader                    : Root WebApplicationContext: initialization completed in 1162 ms
2022-10-04 12:00:09.751  INFO Rajeevs-MBP.attlocal.net --- [           main] c.z.h.HikariDataSource                   : HikariPool-1 - Starting...
2022-10-04 12:00:09.904  INFO Rajeevs-MBP.attlocal.net --- [           main] c.z.h.HikariDataSource                   : HikariPool-1 - Start completed.
2022-10-04 12:00:09.950  INFO Rajeevs-MBP.attlocal.net --- [           main] o.h.j.i.u.LogHelper                      : HHH000204: Processing PersistenceUnitInfo [
	name: default
	...]
2022-10-04 12:00:10.016  INFO Rajeevs-MBP.attlocal.net --- [           main] o.h.Version                              : HHH000412: Hibernate Core {5.3.10.Final}
2022-10-04 12:00:10.017  INFO Rajeevs-MBP.attlocal.net --- [           main] o.h.c.Environment                        : HHH000206: hibernate.properties not found
2022-10-04 12:00:10.129  INFO Rajeevs-MBP.attlocal.net --- [           main] o.h.a.c.Version                          : HCANN000001: Hibernate Commons Annotations {5.0.4.Final}
2022-10-04 12:00:10.241  INFO Rajeevs-MBP.attlocal.net --- [           main] o.h.d.Dialect                            : HHH000400: Using dialect: org.hibernate.dialect.H2Dialect
2022-10-04 12:00:10.827  INFO Rajeevs-MBP.attlocal.net --- [           main] j.LocalContainerEntityManagerFactoryBean : Initialized JPA EntityManagerFactory for persistence unit 'default'
2022-10-04 12:00:11.289  WARN Rajeevs-MBP.attlocal.net --- [           main] aWebConfiguration$JpaWebMvcConfiguration : spring.jpa.open-in-view is enabled by default. Therefore, database queries may be performed during view rendering. Explicitly configure spring.jpa.open-in-view to disable this warning
2022-10-04 12:00:11.342  INFO Rajeevs-MBP.attlocal.net --- [           main] o.s.s.w.DefaultSecurityFilterChain       : Creating filter chain: any request, [org.springframework.security.web.context.request.async.WebAsyncManagerIntegrationFilter@47fc9ce, org.springframework.security.web.context.SecurityContextPersistenceFilter@75db328e, org.springframework.security.web.header.HeaderWriterFilter@244f356, org.springframework.web.filter.CorsFilter@1b5d1d9, org.springframework.security.web.authentication.logout.LogoutFilter@6ab826bb, com.example.demo.security.JWTAuthenticationFilter@703a2bc9, com.example.demo.security.JWTAuthenticationVerficationFilter@790d629a, org.springframework.security.web.savedrequest.RequestCacheAwareFilter@495f3965, org.springframework.security.web.servletapi.SecurityContextHolderAwareRequestFilter@6a4f7c17, org.springframework.security.web.authentication.AnonymousAuthenticationFilter@346e5cc, org.springframework.security.web.session.SessionManagementFilter@bd09a26, org.springframework.security.web.access.ExceptionTranslationFilter@6f8fb906, org.springframework.security.web.access.intercept.FilterSecurityInterceptor@2352c21f]
2022-10-04 12:00:11.425  INFO Rajeevs-MBP.attlocal.net --- [           main] o.s.s.c.ThreadPoolTaskExecutor           : Initializing ExecutorService 'applicationTaskExecutor'
2022-10-04 12:00:11.540  INFO Rajeevs-MBP.attlocal.net --- [           main] o.a.c.h.Http11NioProtocol                : Starting ProtocolHandler ["http-nio-8080"]
2022-10-04 12:00:11.567  INFO Rajeevs-MBP.attlocal.net --- [           main] o.s.b.w.e.t.TomcatWebServer              : Tomcat started on port(s): 8080 (http) with context path ''
2022-10-04 12:00:11.568  INFO Rajeevs-MBP.attlocal.net --- [           main] c.e.d.SareetaApplication                 : Started SareetaApplication in 3.398 seconds (JVM running for 4.097)
2022-10-04 12:00:24.814  INFO Rajeevs-MBP.attlocal.net --- [nio-8080-exec-2] o.a.c.c.C.[.[.[/]                        : Initializing Spring DispatcherServlet 'dispatcherServlet'
2022-10-04 12:00:24.815  INFO Rajeevs-MBP.attlocal.net --- [nio-8080-exec-2] o.s.w.s.DispatcherServlet                : Initializing Servlet 'dispatcherServlet'
2022-10-04 12:00:24.822  INFO Rajeevs-MBP.attlocal.net --- [nio-8080-exec-2] o.s.w.s.DispatcherServlet                : Completed initialization in 7 ms
2022-10-04 12:00:24.914  INFO Rajeevs-MBP.attlocal.net --- [nio-8080-exec-2] c.e.d.c.UserController                   : Info Message : Trying to create user with username Rajeev162
2022-10-04 12:00:25.048  INFO Rajeevs-MBP.attlocal.net --- [nio-8080-exec-2] c.e.d.c.UserController                   : User created successfully with username Rajeev162
2022-10-04 12:00:25.048  INFO Rajeevs-MBP.attlocal.net --- [nio-8080-exec-2] c.e.d.c.UserController                   : Success : User creation success
2022-10-04 12:00:34.890  INFO Rajeevs-MBP.attlocal.net --- [nio-8080-exec-3] o.h.h.i.QueryTranslatorFactoryInitiator  : HHH000397: Using ASTQueryTranslatorFactory
2022-10-04 12:00:34.966 ERROR Rajeevs-MBP.attlocal.net --- [nio-8080-exec-3] o.a.c.c.C.[.[.[.[dispatcherServlet]      : Servlet.service() for servlet [dispatcherServlet] in context with path [] threw exception [Request processing failed; nested exception is java.lang.NullPointerException: Cannot invoke "com.example.demo.model.persistence.User.getUsername()" because "user" is null] with root cause
java.lang.NullPointerException: Cannot invoke "com.example.demo.model.persistence.User.getUsername()" because "user" is null
	at com.example.demo.controllers.UserController.findByUserName(UserController.java:46)
	at java.base/jdk.internal.reflect.DirectMethodHandleAccessor.invoke(DirectMethodHandleAccessor.java:104)
	at java.base/java.lang.reflect.Method.invoke(Method.java:577)
	at org.springframework.web.method.support.InvocableHandlerMethod.doInvoke(InvocableHandlerMethod.java:190)
	at org.springframework.web.method.support.InvocableHandlerMethod.invokeForRequest(InvocableHandlerMethod.java:138)
	at org.springframework.web.servlet.mvc.method.annotation.ServletInvocableHandlerMethod.invokeAndHandle(ServletInvocableHandlerMethod.java:104)
	at org.springframework.web.servlet.mvc.method.annotation.RequestMappingHandlerAdapter.invokeHandlerMethod(RequestMappingHandlerAdapter.java:892)
	at org.springframework.web.servlet.mvc.method.annotation.RequestMappingHandlerAdapter.handleInternal(RequestMappingHandlerAdapter.java:797)
	at org.springframework.web.servlet.mvc.method.AbstractHandlerMethodAdapter.handle(AbstractHandlerMethodAdapter.java:87)
	at org.springframework.web.servlet.DispatcherServlet.doDispatch(DispatcherServlet.java:1039)
	at org.springframework.web.servlet.DispatcherServlet.doService(DispatcherServlet.java:942)
	at org.springframework.web.servlet.FrameworkServlet.processRequest(FrameworkServlet.java:1005)
	at org.springframework.web.servlet.FrameworkServlet.doGet(FrameworkServlet.java:897)
	at javax.servlet.http.HttpServlet.service(HttpServlet.java:634)
	at org.springframework.web.servlet.FrameworkServlet.service(FrameworkServlet.java:882)
	at javax.servlet.http.HttpServlet.service(HttpServlet.java:741)
	at org.apache.catalina.core.ApplicationFilterChain.internalDoFilter(ApplicationFilterChain.java:231)
	at org.apache.catalina.core.ApplicationFilterChain.doFilter(ApplicationFilterChain.java:166)
	at org.apache.tomcat.websocket.server.WsFilter.doFilter(WsFilter.java:53)
	at org.apache.catalina.core.ApplicationFilterChain.internalDoFilter(ApplicationFilterChain.java:193)
	at org.apache.catalina.core.ApplicationFilterChain.doFilter(ApplicationFilterChain.java:166)
	at com.example.demo.security.JWTAuthenticationVerficationFilter.doFilterInternal(JWTAuthenticationVerficationFilter.java:41)
	at org.springframework.web.filter.OncePerRequestFilter.doFilter(OncePerRequestFilter.java:107)
	at org.apache.catalina.core.ApplicationFilterChain.internalDoFilter(ApplicationFilterChain.java:193)
	at org.apache.catalina.core.ApplicationFilterChain.doFilter(ApplicationFilterChain.java:166)
	at org.springframework.security.web.FilterChainProxy$VirtualFilterChain.doFilter(FilterChainProxy.java:320)
	at org.springframework.security.web.access.intercept.FilterSecurityInterceptor.invoke(FilterSecurityInterceptor.java:127)
	at org.springframework.security.web.access.intercept.FilterSecurityInterceptor.doFilter(FilterSecurityInterceptor.java:91)
	at org.springframework.security.web.FilterChainProxy$VirtualFilterChain.doFilter(FilterChainProxy.java:334)
	at org.springframework.security.web.access.ExceptionTranslationFilter.doFilter(ExceptionTranslationFilter.java:119)
	at org.springframework.security.web.FilterChainProxy$VirtualFilterChain.doFilter(FilterChainProxy.java:334)
	at org.springframework.security.web.session.SessionManagementFilter.doFilter(SessionManagementFilter.java:137)
	at org.springframework.security.web.FilterChainProxy$VirtualFilterChain.doFilter(FilterChainProxy.java:334)
	at org.springframework.security.web.authentication.AnonymousAuthenticationFilter.doFilter(AnonymousAuthenticationFilter.java:111)
	at org.springframework.security.web.FilterChainProxy$VirtualFilterChain.doFilter(FilterChainProxy.java:334)
	at org.springframework.security.web.servletapi.SecurityContextHolderAwareRequestFilter.doFilter(SecurityContextHolderAwareRequestFilter.java:170)
	at org.springframework.security.web.FilterChainProxy$VirtualFilterChain.doFilter(FilterChainProxy.java:334)
	at org.springframework.security.web.savedrequest.RequestCacheAwareFilter.doFilter(RequestCacheAwareFilter.java:63)
	at org.springframework.security.web.FilterChainProxy$VirtualFilterChain.doFilter(FilterChainProxy.java:334)
	at com.example.demo.security.JWTAuthenticationVerficationFilter.doFilterInternal(JWTAuthenticationVerficationFilter.java:41)
	at org.springframework.web.filter.OncePerRequestFilter.doFilter(OncePerRequestFilter.java:107)
	at org.springframework.security.web.FilterChainProxy$VirtualFilterChain.doFilter(FilterChainProxy.java:334)
	at org.springframework.security.web.authentication.AbstractAuthenticationProcessingFilter.doFilter(AbstractAuthenticationProcessingFilter.java:200)
	at org.springframework.security.web.FilterChainProxy$VirtualFilterChain.doFilter(FilterChainProxy.java:334)
	at org.springframework.security.web.authentication.logout.LogoutFilter.doFilter(LogoutFilter.java:116)
	at org.springframework.security.web.FilterChainProxy$VirtualFilterChain.doFilter(FilterChainProxy.java:334)
	at org.springframework.web.filter.CorsFilter.doFilterInternal(CorsFilter.java:96)
	at org.springframework.web.filter.OncePerRequestFilter.doFilter(OncePerRequestFilter.java:107)
	at org.springframework.security.web.FilterChainProxy$VirtualFilterChain.doFilter(FilterChainProxy.java:334)
	at org.springframework.security.web.header.HeaderWriterFilter.doFilterInternal(HeaderWriterFilter.java:74)
	at org.springframework.web.filter.OncePerRequestFilter.doFilter(OncePerRequestFilter.java:107)
	at org.springframework.security.web.FilterChainProxy$VirtualFilterChain.doFilter(FilterChainProxy.java:334)
	at org.springframework.security.web.context.SecurityContextPersistenceFilter.doFilter(SecurityContextPersistenceFilter.java:105)
	at org.springframework.security.web.FilterChainProxy$VirtualFilterChain.doFilter(FilterChainProxy.java:334)
	at org.springframework.security.web.context.request.async.WebAsyncManagerIntegrationFilter.doFilterInternal(WebAsyncManagerIntegrationFilter.java:56)
	at org.springframework.web.filter.OncePerRequestFilter.doFilter(OncePerRequestFilter.java:107)
	at org.springframework.security.web.FilterChainProxy$VirtualFilterChain.doFilter(FilterChainProxy.java:334)
	at org.springframework.security.web.FilterChainProxy.doFilterInternal(FilterChainProxy.java:215)
	at org.springframework.security.web.FilterChainProxy.doFilter(FilterChainProxy.java:178)
	at org.springframework.web.filter.DelegatingFilterProxy.invokeDelegate(DelegatingFilterProxy.java:357)
	at org.springframework.web.filter.DelegatingFilterProxy.doFilter(DelegatingFilterProxy.java:270)
	at org.apache.catalina.core.ApplicationFilterChain.internalDoFilter(ApplicationFilterChain.java:193)
	at org.apache.catalina.core.ApplicationFilterChain.doFilter(ApplicationFilterChain.java:166)
	at org.springframework.web.filter.RequestContextFilter.doFilterInternal(RequestContextFilter.java:99)
	at org.springframework.web.filter.OncePerRequestFilter.doFilter(OncePerRequestFilter.java:107)
	at org.apache.catalina.core.ApplicationFilterChain.internalDoFilter(ApplicationFilterChain.java:193)
	at org.apache.catalina.core.ApplicationFilterChain.doFilter(ApplicationFilterChain.java:166)
	at org.springframework.web.filter.FormContentFilter.doFilterInternal(FormContentFilter.java:92)
	at org.springframework.web.filter.OncePerRequestFilter.doFilter(OncePerRequestFilter.java:107)
	at org.apache.catalina.core.ApplicationFilterChain.internalDoFilter(ApplicationFilterChain.java:193)
	at org.apache.catalina.core.ApplicationFilterChain.doFilter(ApplicationFilterChain.java:166)
	at org.springframework.web.filter.HiddenHttpMethodFilter.doFilterInternal(HiddenHttpMethodFilter.java:93)
	at org.springframework.web.filter.OncePerRequestFilter.doFilter(OncePerRequestFilter.java:107)
	at org.apache.catalina.core.ApplicationFilterChain.internalDoFilter(ApplicationFilterChain.java:193)
	at org.apache.catalina.core.ApplicationFilterChain.doFilter(ApplicationFilterChain.java:166)
	at org.springframework.web.filter.CharacterEncodingFilter.doFilterInternal(CharacterEncodingFilter.java:200)
	at org.springframework.web.filter.OncePerRequestFilter.doFilter(OncePerRequestFilter.java:107)
	at org.apache.catalina.core.ApplicationFilterChain.internalDoFilter(ApplicationFilterChain.java:193)
	at org.apache.catalina.core.ApplicationFilterChain.doFilter(ApplicationFilterChain.java:166)
	at org.apache.catalina.core.StandardWrapperValve.invoke(StandardWrapperValve.java:200)
	at org.apache.catalina.core.StandardContextValve.invoke(StandardContextValve.java:96)
	at org.apache.catalina.authenticator.AuthenticatorBase.invoke(AuthenticatorBase.java:490)
	at org.apache.catalina.core.StandardHostValve.invoke(StandardHostValve.java:139)
	at org.apache.catalina.valves.ErrorReportValve.invoke(ErrorReportValve.java:92)
	at org.apache.catalina.core.StandardEngineValve.invoke(StandardEngineValve.java:74)
	at org.apache.catalina.connector.CoyoteAdapter.service(CoyoteAdapter.java:343)
	at org.apache.coyote.http11.Http11Processor.service(Http11Processor.java:408)
	at org.apache.coyote.AbstractProcessorLight.process(AbstractProcessorLight.java:66)
	at org.apache.coyote.AbstractProtocol$ConnectionHandler.process(AbstractProtocol.java:836)
	at org.apache.tomcat.util.net.NioEndpoint$SocketProcessor.doRun(NioEndpoint.java:1747)
	at org.apache.tomcat.util.net.SocketProcessorBase.run(SocketProcessorBase.java:49)
	at java.base/java.util.concurrent.ThreadPoolExecutor.runWorker(ThreadPoolExecutor.java:1136)
	at java.base/java.util.concurrent.ThreadPoolExecutor$Worker.run(ThreadPoolExecutor.java:635)
	at org.apache.tomcat.util.threads.TaskThread$WrappingRunnable.run(TaskThread.java:61)
	at java.base/java.lang.Thread.run(Thread.java:833)
2022-10-04 12:01:09.785 ERROR Rajeevs-MBP.attlocal.net --- [nio-8080-exec-4] o.a.c.c.C.[.[.[.[dispatcherServlet]      : Servlet.service() for servlet [dispatcherServlet] in context with path [] threw exception [Request processing failed; nested exception is java.lang.NullPointerException: Cannot invoke "com.example.demo.model.persistence.User.getUsername()" because "user" is null] with root cause
java.lang.NullPointerException: Cannot invoke "com.example.demo.model.persistence.User.getUsername()" because "user" is null
	at com.example.demo.controllers.UserController.findByUserName(UserController.java:46)
	at java.base/jdk.internal.reflect.DirectMethodHandleAccessor.invoke(DirectMethodHandleAccessor.java:104)
	at java.base/java.lang.reflect.Method.invoke(Method.java:577)
	at org.springframework.web.method.support.InvocableHandlerMethod.doInvoke(InvocableHandlerMethod.java:190)
	at org.springframework.web.method.support.InvocableHandlerMethod.invokeForRequest(InvocableHandlerMethod.java:138)
	at org.springframework.web.servlet.mvc.method.annotation.ServletInvocableHandlerMethod.invokeAndHandle(ServletInvocableHandlerMethod.java:104)
	at org.springframework.web.servlet.mvc.method.annotation.RequestMappingHandlerAdapter.invokeHandlerMethod(RequestMappingHandlerAdapter.java:892)
	at org.springframework.web.servlet.mvc.method.annotation.RequestMappingHandlerAdapter.handleInternal(RequestMappingHandlerAdapter.java:797)
	at org.springframework.web.servlet.mvc.method.AbstractHandlerMethodAdapter.handle(AbstractHandlerMethodAdapter.java:87)
	at org.springframework.web.servlet.DispatcherServlet.doDispatch(DispatcherServlet.java:1039)
	at org.springframework.web.servlet.DispatcherServlet.doService(DispatcherServlet.java:942)
	at org.springframework.web.servlet.FrameworkServlet.processRequest(FrameworkServlet.java:1005)
	at org.springframework.web.servlet.FrameworkServlet.doGet(FrameworkServlet.java:897)
	at javax.servlet.http.HttpServlet.service(HttpServlet.java:634)
	at org.springframework.web.servlet.FrameworkServlet.service(FrameworkServlet.java:882)
	at javax.servlet.http.HttpServlet.service(HttpServlet.java:741)
	at org.apache.catalina.core.ApplicationFilterChain.internalDoFilter(ApplicationFilterChain.java:231)
	at org.apache.catalina.core.ApplicationFilterChain.doFilter(ApplicationFilterChain.java:166)
	at org.apache.tomcat.websocket.server.WsFilter.doFilter(WsFilter.java:53)
	at org.apache.catalina.core.ApplicationFilterChain.internalDoFilter(ApplicationFilterChain.java:193)
	at org.apache.catalina.core.ApplicationFilterChain.doFilter(ApplicationFilterChain.java:166)
	at com.example.demo.security.JWTAuthenticationVerficationFilter.doFilterInternal(JWTAuthenticationVerficationFilter.java:41)
	at org.springframework.web.filter.OncePerRequestFilter.doFilter(OncePerRequestFilter.java:107)
	at org.apache.catalina.core.ApplicationFilterChain.internalDoFilter(ApplicationFilterChain.java:193)
	at org.apache.catalina.core.ApplicationFilterChain.doFilter(ApplicationFilterChain.java:166)
	at org.springframework.security.web.FilterChainProxy$VirtualFilterChain.doFilter(FilterChainProxy.java:320)
	at org.springframework.security.web.access.intercept.FilterSecurityInterceptor.invoke(FilterSecurityInterceptor.java:127)
	at org.springframework.security.web.access.intercept.FilterSecurityInterceptor.doFilter(FilterSecurityInterceptor.java:91)
	at org.springframework.security.web.FilterChainProxy$VirtualFilterChain.doFilter(FilterChainProxy.java:334)
	at org.springframework.security.web.access.ExceptionTranslationFilter.doFilter(ExceptionTranslationFilter.java:119)
	at org.springframework.security.web.FilterChainProxy$VirtualFilterChain.doFilter(FilterChainProxy.java:334)
	at org.springframework.security.web.session.SessionManagementFilter.doFilter(SessionManagementFilter.java:137)
	at org.springframework.security.web.FilterChainProxy$VirtualFilterChain.doFilter(FilterChainProxy.java:334)
	at org.springframework.security.web.authentication.AnonymousAuthenticationFilter.doFilter(AnonymousAuthenticationFilter.java:111)
	at org.springframework.security.web.FilterChainProxy$VirtualFilterChain.doFilter(FilterChainProxy.java:334)
	at org.springframework.security.web.servletapi.SecurityContextHolderAwareRequestFilter.doFilter(SecurityContextHolderAwareRequestFilter.java:170)
	at org.springframework.security.web.FilterChainProxy$VirtualFilterChain.doFilter(FilterChainProxy.java:334)
	at org.springframework.security.web.savedrequest.RequestCacheAwareFilter.doFilter(RequestCacheAwareFilter.java:63)
	at org.springframework.security.web.FilterChainProxy$VirtualFilterChain.doFilter(FilterChainProxy.java:334)
	at com.example.demo.security.JWTAuthenticationVerficationFilter.doFilterInternal(JWTAuthenticationVerficationFilter.java:41)
	at org.springframework.web.filter.OncePerRequestFilter.doFilter(OncePerRequestFilter.java:107)
	at org.springframework.security.web.FilterChainProxy$VirtualFilterChain.doFilter(FilterChainProxy.java:334)
	at org.springframework.security.web.authentication.AbstractAuthenticationProcessingFilter.doFilter(AbstractAuthenticationProcessingFilter.java:200)
	at org.springframework.security.web.FilterChainProxy$VirtualFilterChain.doFilter(FilterChainProxy.java:334)
	at org.springframework.security.web.authentication.logout.LogoutFilter.doFilter(LogoutFilter.java:116)
	at org.springframework.security.web.FilterChainProxy$VirtualFilterChain.doFilter(FilterChainProxy.java:334)
	at org.springframework.web.filter.CorsFilter.doFilterInternal(CorsFilter.java:96)
	at org.springframework.web.filter.OncePerRequestFilter.doFilter(OncePerRequestFilter.java:107)
	at org.springframework.security.web.FilterChainProxy$VirtualFilterChain.doFilter(FilterChainProxy.java:334)
	at org.springframework.security.web.header.HeaderWriterFilter.doFilterInternal(HeaderWriterFilter.java:74)
	at org.springframework.web.filter.OncePerRequestFilter.doFilter(OncePerRequestFilter.java:107)
	at org.springframework.security.web.FilterChainProxy$VirtualFilterChain.doFilter(FilterChainProxy.java:334)
	at org.springframework.security.web.context.SecurityContextPersistenceFilter.doFilter(SecurityContextPersistenceFilter.java:105)
	at org.springframework.security.web.FilterChainProxy$VirtualFilterChain.doFilter(FilterChainProxy.java:334)
	at org.springframework.security.web.context.request.async.WebAsyncManagerIntegrationFilter.doFilterInternal(WebAsyncManagerIntegrationFilter.java:56)
	at org.springframework.web.filter.OncePerRequestFilter.doFilter(OncePerRequestFilter.java:107)
	at org.springframework.security.web.FilterChainProxy$VirtualFilterChain.doFilter(FilterChainProxy.java:334)
	at org.springframework.security.web.FilterChainProxy.doFilterInternal(FilterChainProxy.java:215)
	at org.springframework.security.web.FilterChainProxy.doFilter(FilterChainProxy.java:178)
	at org.springframework.web.filter.DelegatingFilterProxy.invokeDelegate(DelegatingFilterProxy.java:357)
	at org.springframework.web.filter.DelegatingFilterProxy.doFilter(DelegatingFilterProxy.java:270)
	at org.apache.catalina.core.ApplicationFilterChain.internalDoFilter(ApplicationFilterChain.java:193)
	at org.apache.catalina.core.ApplicationFilterChain.doFilter(ApplicationFilterChain.java:166)
	at org.springframework.web.filter.RequestContextFilter.doFilterInternal(RequestContextFilter.java:99)
	at org.springframework.web.filter.OncePerRequestFilter.doFilter(OncePerRequestFilter.java:107)
	at org.apache.catalina.core.ApplicationFilterChain.internalDoFilter(ApplicationFilterChain.java:193)
	at org.apache.catalina.core.ApplicationFilterChain.doFilter(ApplicationFilterChain.java:166)
	at org.springframework.web.filter.FormContentFilter.doFilterInternal(FormContentFilter.java:92)
	at org.springframework.web.filter.OncePerRequestFilter.doFilter(OncePerRequestFilter.java:107)
	at org.apache.catalina.core.ApplicationFilterChain.internalDoFilter(ApplicationFilterChain.java:193)
	at org.apache.catalina.core.ApplicationFilterChain.doFilter(ApplicationFilterChain.java:166)
	at org.springframework.web.filter.HiddenHttpMethodFilter.doFilterInternal(HiddenHttpMethodFilter.java:93)
	at org.springframework.web.filter.OncePerRequestFilter.doFilter(OncePerRequestFilter.java:107)
	at org.apache.catalina.core.ApplicationFilterChain.internalDoFilter(ApplicationFilterChain.java:193)
	at org.apache.catalina.core.ApplicationFilterChain.doFilter(ApplicationFilterChain.java:166)
	at org.springframework.web.filter.CharacterEncodingFilter.doFilterInternal(CharacterEncodingFilter.java:200)
	at org.springframework.web.filter.OncePerRequestFilter.doFilter(OncePerRequestFilter.java:107)
	at org.apache.catalina.core.ApplicationFilterChain.internalDoFilter(ApplicationFilterChain.java:193)
	at org.apache.catalina.core.ApplicationFilterChain.doFilter(ApplicationFilterChain.java:166)
	at org.apache.catalina.core.StandardWrapperValve.invoke(StandardWrapperValve.java:200)
	at org.apache.catalina.core.StandardContextValve.invoke(StandardContextValve.java:96)
	at org.apache.catalina.authenticator.AuthenticatorBase.invoke(AuthenticatorBase.java:490)
	at org.apache.catalina.core.StandardHostValve.invoke(StandardHostValve.java:139)
	at org.apache.catalina.valves.ErrorReportValve.invoke(ErrorReportValve.java:92)
	at org.apache.catalina.core.StandardEngineValve.invoke(StandardEngineValve.java:74)
	at org.apache.catalina.connector.CoyoteAdapter.service(CoyoteAdapter.java:343)
	at org.apache.coyote.http11.Http11Processor.service(Http11Processor.java:408)
	at org.apache.coyote.AbstractProcessorLight.process(AbstractProcessorLight.java:66)
	at org.apache.coyote.AbstractProtocol$ConnectionHandler.process(AbstractProtocol.java:836)
	at org.apache.tomcat.util.net.NioEndpoint$SocketProcessor.doRun(NioEndpoint.java:1747)
	at org.apache.tomcat.util.net.SocketProcessorBase.run(SocketProcessorBase.java:49)
	at java.base/java.util.concurrent.ThreadPoolExecutor.runWorker(ThreadPoolExecutor.java:1136)
	at java.base/java.util.concurrent.ThreadPoolExecutor$Worker.run(ThreadPoolExecutor.java:635)
	at org.apache.tomcat.util.threads.TaskThread$WrappingRunnable.run(TaskThread.java:61)
	at java.base/java.lang.Thread.run(Thread.java:833)
2022-10-04 12:01:16.520  INFO Rajeevs-MBP.attlocal.net --- [       Thread-3] o.s.s.c.ThreadPoolTaskExecutor           : Shutting down ExecutorService 'applicationTaskExecutor'
2022-10-04 12:01:16.522  INFO Rajeevs-MBP.attlocal.net --- [       Thread-3] j.LocalContainerEntityManagerFactoryBean : Closing JPA EntityManagerFactory for persistence unit 'default'
2022-10-04 12:01:16.524  INFO Rajeevs-MBP.attlocal.net --- [       Thread-3] c.z.h.HikariDataSource                   : HikariPool-1 - Shutdown initiated...
2022-10-04 12:01:16.526  INFO Rajeevs-MBP.attlocal.net --- [       Thread-3] c.z.h.HikariDataSource                   : HikariPool-1 - Shutdown completed.
2022-10-04 12:01:18.275  INFO Rajeevs-MBP.attlocal.net --- [           main] c.e.d.SareetaApplication                 : Starting SareetaApplication on Rajeevs-MBP.attlocal.net with PID 93623 (/Users/rkommareddy/Documents/devOpsProject/nd035-c4-Security-and-DevOps/starter_code/target/classes started by rkommareddy in /Users/rkommareddy/Documents/devOpsProject/nd035-c4-Security-and-DevOps)
2022-10-04 12:01:18.282  INFO Rajeevs-MBP.attlocal.net --- [           main] c.e.d.SareetaApplication                 : No active profile set, falling back to default profiles: default
2022-10-04 12:01:18.813  INFO Rajeevs-MBP.attlocal.net --- [           main] .s.d.r.c.RepositoryConfigurationDelegate : Bootstrapping Spring Data repositories in DEFAULT mode.
2022-10-04 12:01:18.890  INFO Rajeevs-MBP.attlocal.net --- [           main] .s.d.r.c.RepositoryConfigurationDelegate : Finished Spring Data repository scanning in 68ms. Found 4 repository interfaces.
2022-10-04 12:01:19.364  INFO Rajeevs-MBP.attlocal.net --- [           main] trationDelegate$BeanPostProcessorChecker : Bean 'org.springframework.transaction.annotation.ProxyTransactionManagementConfiguration' of type [org.springframework.transaction.annotation.ProxyTransactionManagementConfiguration$$EnhancerBySpringCGLIB$$4d883c7e] is not eligible for getting processed by all BeanPostProcessors (for example: not eligible for auto-proxying)
2022-10-04 12:01:19.612  INFO Rajeevs-MBP.attlocal.net --- [           main] o.s.b.w.e.t.TomcatWebServer              : Tomcat initialized with port(s): 8080 (http)
2022-10-04 12:01:19.625  INFO Rajeevs-MBP.attlocal.net --- [           main] o.a.c.h.Http11NioProtocol                : Initializing ProtocolHandler ["http-nio-8080"]
2022-10-04 12:01:19.634  INFO Rajeevs-MBP.attlocal.net --- [           main] o.a.c.c.StandardService                  : Starting service [Tomcat]
2022-10-04 12:01:19.635  INFO Rajeevs-MBP.attlocal.net --- [           main] o.a.c.c.StandardEngine                   : Starting Servlet engine: [Apache Tomcat/9.0.19]
2022-10-04 12:01:19.727  INFO Rajeevs-MBP.attlocal.net --- [           main] o.a.c.c.C.[.[.[/]                        : Initializing Spring embedded WebApplicationContext
2022-10-04 12:01:19.728  INFO Rajeevs-MBP.attlocal.net --- [           main] o.s.w.c.ContextLoader                    : Root WebApplicationContext: initialization completed in 1398 ms
2022-10-04 12:01:19.879  INFO Rajeevs-MBP.attlocal.net --- [           main] c.z.h.HikariDataSource                   : HikariPool-1 - Starting...
2022-10-04 12:01:20.029  INFO Rajeevs-MBP.attlocal.net --- [           main] c.z.h.HikariDataSource                   : HikariPool-1 - Start completed.
2022-10-04 12:01:20.081  INFO Rajeevs-MBP.attlocal.net --- [           main] o.h.j.i.u.LogHelper                      : HHH000204: Processing PersistenceUnitInfo [
	name: default
	...]
2022-10-04 12:01:20.152  INFO Rajeevs-MBP.attlocal.net --- [           main] o.h.Version                              : HHH000412: Hibernate Core {5.3.10.Final}
2022-10-04 12:01:20.153  INFO Rajeevs-MBP.attlocal.net --- [           main] o.h.c.Environment                        : HHH000206: hibernate.properties not found
2022-10-04 12:01:20.289  INFO Rajeevs-MBP.attlocal.net --- [           main] o.h.a.c.Version                          : HCANN000001: Hibernate Commons Annotations {5.0.4.Final}
2022-10-04 12:01:20.407  INFO Rajeevs-MBP.attlocal.net --- [           main] o.h.d.Dialect                            : HHH000400: Using dialect: org.hibernate.dialect.H2Dialect
2022-10-04 12:01:21.091  INFO Rajeevs-MBP.attlocal.net --- [           main] j.LocalContainerEntityManagerFactoryBean : Initialized JPA EntityManagerFactory for persistence unit 'default'
2022-10-04 12:01:21.818  WARN Rajeevs-MBP.attlocal.net --- [           main] aWebConfiguration$JpaWebMvcConfiguration : spring.jpa.open-in-view is enabled by default. Therefore, database queries may be performed during view rendering. Explicitly configure spring.jpa.open-in-view to disable this warning
2022-10-04 12:01:21.876  INFO Rajeevs-MBP.attlocal.net --- [           main] o.s.s.w.DefaultSecurityFilterChain       : Creating filter chain: any request, [org.springframework.security.web.context.request.async.WebAsyncManagerIntegrationFilter@49322d04, org.springframework.security.web.context.SecurityContextPersistenceFilter@5357de0e, org.springframework.security.web.header.HeaderWriterFilter@18bf1bad, org.springframework.web.filter.CorsFilter@b6b746b, org.springframework.security.web.authentication.logout.LogoutFilter@3f2afa8b, com.example.demo.security.JWTAuthenticationFilter@55d8f6bb, com.example.demo.security.JWTAuthenticationVerficationFilter@56b48163, org.springframework.security.web.savedrequest.RequestCacheAwareFilter@4a29a1e6, org.springframework.security.web.servletapi.SecurityContextHolderAwareRequestFilter@3efb863c, org.springframework.security.web.authentication.AnonymousAuthenticationFilter@eb6ccbc, org.springframework.security.web.session.SessionManagementFilter@2ecc4be7, org.springframework.security.web.access.ExceptionTranslationFilter@14b4ce6f, org.springframework.security.web.access.intercept.FilterSecurityInterceptor@7bc6b117]
2022-10-04 12:01:21.968  INFO Rajeevs-MBP.attlocal.net --- [           main] o.s.s.c.ThreadPoolTaskExecutor           : Initializing ExecutorService 'applicationTaskExecutor'
2022-10-04 12:01:22.134  INFO Rajeevs-MBP.attlocal.net --- [           main] o.a.c.h.Http11NioProtocol                : Starting ProtocolHandler ["http-nio-8080"]
2022-10-04 12:01:22.177  INFO Rajeevs-MBP.attlocal.net --- [           main] o.s.b.w.e.t.TomcatWebServer              : Tomcat started on port(s): 8080 (http) with context path ''
2022-10-04 12:01:22.179  INFO Rajeevs-MBP.attlocal.net --- [           main] c.e.d.SareetaApplication                 : Started SareetaApplication in 4.186 seconds (JVM running for 5.033)
2022-10-04 12:01:31.542  INFO Rajeevs-MBP.attlocal.net --- [nio-8080-exec-2] o.a.c.c.C.[.[.[/]                        : Initializing Spring DispatcherServlet 'dispatcherServlet'
2022-10-04 12:01:31.542  INFO Rajeevs-MBP.attlocal.net --- [nio-8080-exec-2] o.s.w.s.DispatcherServlet                : Initializing Servlet 'dispatcherServlet'
2022-10-04 12:01:31.554  INFO Rajeevs-MBP.attlocal.net --- [nio-8080-exec-2] o.s.w.s.DispatcherServlet                : Completed initialization in 12 ms
2022-10-04 12:01:35.567  INFO Rajeevs-MBP.attlocal.net --- [nio-8080-exec-2] o.h.h.i.QueryTranslatorFactoryInitiator  : HHH000397: Using ASTQueryTranslatorFactory
2022-10-04 12:02:07.352  WARN Rajeevs-MBP.attlocal.net --- [l-1 housekeeper] c.z.h.p.HikariPool                       : HikariPool-1 - Thread starvation or clock leap detected (housekeeper delta=47s221ms).
2022-10-04 12:02:15.310 ERROR Rajeevs-MBP.attlocal.net --- [nio-8080-exec-2] o.a.c.c.C.[.[.[.[dispatcherServlet]      : Servlet.service() for servlet [dispatcherServlet] in context with path [] threw exception [Request processing failed; nested exception is java.lang.NullPointerException: Cannot invoke "com.example.demo.model.persistence.User.getUsername()" because "user" is null] with root cause
java.lang.NullPointerException: Cannot invoke "com.example.demo.model.persistence.User.getUsername()" because "user" is null
	at com.example.demo.controllers.UserController.findByUserName(UserController.java:46)
	at java.base/jdk.internal.reflect.DirectMethodHandleAccessor.invoke(DirectMethodHandleAccessor.java:104)
	at java.base/java.lang.reflect.Method.invoke(Method.java:577)
	at org.springframework.web.method.support.InvocableHandlerMethod.doInvoke(InvocableHandlerMethod.java:190)
	at org.springframework.web.method.support.InvocableHandlerMethod.invokeForRequest(InvocableHandlerMethod.java:138)
	at org.springframework.web.servlet.mvc.method.annotation.ServletInvocableHandlerMethod.invokeAndHandle(ServletInvocableHandlerMethod.java:104)
	at org.springframework.web.servlet.mvc.method.annotation.RequestMappingHandlerAdapter.invokeHandlerMethod(RequestMappingHandlerAdapter.java:892)
	at org.springframework.web.servlet.mvc.method.annotation.RequestMappingHandlerAdapter.handleInternal(RequestMappingHandlerAdapter.java:797)
	at org.springframework.web.servlet.mvc.method.AbstractHandlerMethodAdapter.handle(AbstractHandlerMethodAdapter.java:87)
	at org.springframework.web.servlet.DispatcherServlet.doDispatch(DispatcherServlet.java:1039)
	at org.springframework.web.servlet.DispatcherServlet.doService(DispatcherServlet.java:942)
	at org.springframework.web.servlet.FrameworkServlet.processRequest(FrameworkServlet.java:1005)
	at org.springframework.web.servlet.FrameworkServlet.doGet(FrameworkServlet.java:897)
	at javax.servlet.http.HttpServlet.service(HttpServlet.java:634)
	at org.springframework.web.servlet.FrameworkServlet.service(FrameworkServlet.java:882)
	at javax.servlet.http.HttpServlet.service(HttpServlet.java:741)
	at org.apache.catalina.core.ApplicationFilterChain.internalDoFilter(ApplicationFilterChain.java:231)
	at org.apache.catalina.core.ApplicationFilterChain.doFilter(ApplicationFilterChain.java:166)
	at org.apache.tomcat.websocket.server.WsFilter.doFilter(WsFilter.java:53)
	at org.apache.catalina.core.ApplicationFilterChain.internalDoFilter(ApplicationFilterChain.java:193)
	at org.apache.catalina.core.ApplicationFilterChain.doFilter(ApplicationFilterChain.java:166)
	at com.example.demo.security.JWTAuthenticationVerficationFilter.doFilterInternal(JWTAuthenticationVerficationFilter.java:41)
	at org.springframework.web.filter.OncePerRequestFilter.doFilter(OncePerRequestFilter.java:107)
	at org.apache.catalina.core.ApplicationFilterChain.internalDoFilter(ApplicationFilterChain.java:193)
	at org.apache.catalina.core.ApplicationFilterChain.doFilter(ApplicationFilterChain.java:166)
	at org.springframework.security.web.FilterChainProxy$VirtualFilterChain.doFilter(FilterChainProxy.java:320)
	at org.springframework.security.web.access.intercept.FilterSecurityInterceptor.invoke(FilterSecurityInterceptor.java:127)
	at org.springframework.security.web.access.intercept.FilterSecurityInterceptor.doFilter(FilterSecurityInterceptor.java:91)
	at org.springframework.security.web.FilterChainProxy$VirtualFilterChain.doFilter(FilterChainProxy.java:334)
	at org.springframework.security.web.access.ExceptionTranslationFilter.doFilter(ExceptionTranslationFilter.java:119)
	at org.springframework.security.web.FilterChainProxy$VirtualFilterChain.doFilter(FilterChainProxy.java:334)
	at org.springframework.security.web.session.SessionManagementFilter.doFilter(SessionManagementFilter.java:137)
	at org.springframework.security.web.FilterChainProxy$VirtualFilterChain.doFilter(FilterChainProxy.java:334)
	at org.springframework.security.web.authentication.AnonymousAuthenticationFilter.doFilter(AnonymousAuthenticationFilter.java:111)
	at org.springframework.security.web.FilterChainProxy$VirtualFilterChain.doFilter(FilterChainProxy.java:334)
	at org.springframework.security.web.servletapi.SecurityContextHolderAwareRequestFilter.doFilter(SecurityContextHolderAwareRequestFilter.java:170)
	at org.springframework.security.web.FilterChainProxy$VirtualFilterChain.doFilter(FilterChainProxy.java:334)
	at org.springframework.security.web.savedrequest.RequestCacheAwareFilter.doFilter(RequestCacheAwareFilter.java:63)
	at org.springframework.security.web.FilterChainProxy$VirtualFilterChain.doFilter(FilterChainProxy.java:334)
	at com.example.demo.security.JWTAuthenticationVerficationFilter.doFilterInternal(JWTAuthenticationVerficationFilter.java:41)
	at org.springframework.web.filter.OncePerRequestFilter.doFilter(OncePerRequestFilter.java:107)
	at org.springframework.security.web.FilterChainProxy$VirtualFilterChain.doFilter(FilterChainProxy.java:334)
	at org.springframework.security.web.authentication.AbstractAuthenticationProcessingFilter.doFilter(AbstractAuthenticationProcessingFilter.java:200)
	at org.springframework.security.web.FilterChainProxy$VirtualFilterChain.doFilter(FilterChainProxy.java:334)
	at org.springframework.security.web.authentication.logout.LogoutFilter.doFilter(LogoutFilter.java:116)
	at org.springframework.security.web.FilterChainProxy$VirtualFilterChain.doFilter(FilterChainProxy.java:334)
	at org.springframework.web.filter.CorsFilter.doFilterInternal(CorsFilter.java:96)
	at org.springframework.web.filter.OncePerRequestFilter.doFilter(OncePerRequestFilter.java:107)
	at org.springframework.security.web.FilterChainProxy$VirtualFilterChain.doFilter(FilterChainProxy.java:334)
	at org.springframework.security.web.header.HeaderWriterFilter.doFilterInternal(HeaderWriterFilter.java:74)
	at org.springframework.web.filter.OncePerRequestFilter.doFilter(OncePerRequestFilter.java:107)
	at org.springframework.security.web.FilterChainProxy$VirtualFilterChain.doFilter(FilterChainProxy.java:334)
	at org.springframework.security.web.context.SecurityContextPersistenceFilter.doFilter(SecurityContextPersistenceFilter.java:105)
	at org.springframework.security.web.FilterChainProxy$VirtualFilterChain.doFilter(FilterChainProxy.java:334)
	at org.springframework.security.web.context.request.async.WebAsyncManagerIntegrationFilter.doFilterInternal(WebAsyncManagerIntegrationFilter.java:56)
	at org.springframework.web.filter.OncePerRequestFilter.doFilter(OncePerRequestFilter.java:107)
	at org.springframework.security.web.FilterChainProxy$VirtualFilterChain.doFilter(FilterChainProxy.java:334)
	at org.springframework.security.web.FilterChainProxy.doFilterInternal(FilterChainProxy.java:215)
	at org.springframework.security.web.FilterChainProxy.doFilter(FilterChainProxy.java:178)
	at org.springframework.web.filter.DelegatingFilterProxy.invokeDelegate(DelegatingFilterProxy.java:357)
	at org.springframework.web.filter.DelegatingFilterProxy.doFilter(DelegatingFilterProxy.java:270)
	at org.apache.catalina.core.ApplicationFilterChain.internalDoFilter(ApplicationFilterChain.java:193)
	at org.apache.catalina.core.ApplicationFilterChain.doFilter(ApplicationFilterChain.java:166)
	at org.springframework.web.filter.RequestContextFilter.doFilterInternal(RequestContextFilter.java:99)
	at org.springframework.web.filter.OncePerRequestFilter.doFilter(OncePerRequestFilter.java:107)
	at org.apache.catalina.core.ApplicationFilterChain.internalDoFilter(ApplicationFilterChain.java:193)
	at org.apache.catalina.core.ApplicationFilterChain.doFilter(ApplicationFilterChain.java:166)
	at org.springframework.web.filter.FormContentFilter.doFilterInternal(FormContentFilter.java:92)
	at org.springframework.web.filter.OncePerRequestFilter.doFilter(OncePerRequestFilter.java:107)
	at org.apache.catalina.core.ApplicationFilterChain.internalDoFilter(ApplicationFilterChain.java:193)
	at org.apache.catalina.core.ApplicationFilterChain.doFilter(ApplicationFilterChain.java:166)
	at org.springframework.web.filter.HiddenHttpMethodFilter.doFilterInternal(HiddenHttpMethodFilter.java:93)
	at org.springframework.web.filter.OncePerRequestFilter.doFilter(OncePerRequestFilter.java:107)
	at org.apache.catalina.core.ApplicationFilterChain.internalDoFilter(ApplicationFilterChain.java:193)
	at org.apache.catalina.core.ApplicationFilterChain.doFilter(ApplicationFilterChain.java:166)
	at org.springframework.web.filter.CharacterEncodingFilter.doFilterInternal(CharacterEncodingFilter.java:200)
	at org.springframework.web.filter.OncePerRequestFilter.doFilter(OncePerRequestFilter.java:107)
	at org.apache.catalina.core.ApplicationFilterChain.internalDoFilter(ApplicationFilterChain.java:193)
	at org.apache.catalina.core.ApplicationFilterChain.doFilter(ApplicationFilterChain.java:166)
	at org.apache.catalina.core.StandardWrapperValve.invoke(StandardWrapperValve.java:200)
	at org.apache.catalina.core.StandardContextValve.invoke(StandardContextValve.java:96)
	at org.apache.catalina.authenticator.AuthenticatorBase.invoke(AuthenticatorBase.java:490)
	at org.apache.catalina.core.StandardHostValve.invoke(StandardHostValve.java:139)
	at org.apache.catalina.valves.ErrorReportValve.invoke(ErrorReportValve.java:92)
	at org.apache.catalina.core.StandardEngineValve.invoke(StandardEngineValve.java:74)
	at org.apache.catalina.connector.CoyoteAdapter.service(CoyoteAdapter.java:343)
	at org.apache.coyote.http11.Http11Processor.service(Http11Processor.java:408)
	at org.apache.coyote.AbstractProcessorLight.process(AbstractProcessorLight.java:66)
	at org.apache.coyote.AbstractProtocol$ConnectionHandler.process(AbstractProtocol.java:836)
	at org.apache.tomcat.util.net.NioEndpoint$SocketProcessor.doRun(NioEndpoint.java:1747)
	at org.apache.tomcat.util.net.SocketProcessorBase.run(SocketProcessorBase.java:49)
	at java.base/java.util.concurrent.ThreadPoolExecutor.runWorker(ThreadPoolExecutor.java:1136)
	at java.base/java.util.concurrent.ThreadPoolExecutor$Worker.run(ThreadPoolExecutor.java:635)
	at org.apache.tomcat.util.threads.TaskThread$WrappingRunnable.run(TaskThread.java:61)
	at java.base/java.lang.Thread.run(Thread.java:833)
2022-10-04 12:20:19.715  WARN Rajeevs-MBP.attlocal.net --- [l-1 housekeeper] c.z.h.p.HikariPool                       : HikariPool-1 - Thread starvation or clock leap detected (housekeeper delta=17m42s355ms).
2022-10-04 12:20:19.719 ERROR Rajeevs-MBP.attlocal.net --- [nio-8080-exec-4] o.a.c.c.C.[.[.[.[dispatcherServlet]      : Servlet.service() for servlet [dispatcherServlet] in context with path [] threw exception [Request processing failed; nested exception is java.lang.NullPointerException] with root cause
java.lang.NullPointerException
	at com.example.demo.controllers.UserController.findByUserName(UserController.java:46)
	at java.base/jdk.internal.reflect.DirectMethodHandleAccessor.invoke(DirectMethodHandleAccessor.java:104)
	at java.base/java.lang.reflect.Method.invoke(Method.java:577)
	at org.springframework.web.method.support.InvocableHandlerMethod.doInvoke(InvocableHandlerMethod.java:190)
	at org.springframework.web.method.support.InvocableHandlerMethod.invokeForRequest(InvocableHandlerMethod.java:138)
	at org.springframework.web.servlet.mvc.method.annotation.ServletInvocableHandlerMethod.invokeAndHandle(ServletInvocableHandlerMethod.java:104)
	at org.springframework.web.servlet.mvc.method.annotation.RequestMappingHandlerAdapter.invokeHandlerMethod(RequestMappingHandlerAdapter.java:892)
	at org.springframework.web.servlet.mvc.method.annotation.RequestMappingHandlerAdapter.handleInternal(RequestMappingHandlerAdapter.java:797)
	at org.springframework.web.servlet.mvc.method.AbstractHandlerMethodAdapter.handle(AbstractHandlerMethodAdapter.java:87)
	at org.springframework.web.servlet.DispatcherServlet.doDispatch(DispatcherServlet.java:1039)
	at org.springframework.web.servlet.DispatcherServlet.doService(DispatcherServlet.java:942)
	at org.springframework.web.servlet.FrameworkServlet.processRequest(FrameworkServlet.java:1005)
	at org.springframework.web.servlet.FrameworkServlet.doGet(FrameworkServlet.java:897)
	at javax.servlet.http.HttpServlet.service(HttpServlet.java:634)
	at org.springframework.web.servlet.FrameworkServlet.service(FrameworkServlet.java:882)
	at javax.servlet.http.HttpServlet.service(HttpServlet.java:741)
	at org.apache.catalina.core.ApplicationFilterChain.internalDoFilter(ApplicationFilterChain.java:231)
	at org.apache.catalina.core.ApplicationFilterChain.doFilter(ApplicationFilterChain.java:166)
	at org.apache.tomcat.websocket.server.WsFilter.doFilter(WsFilter.java:53)
	at org.apache.catalina.core.ApplicationFilterChain.internalDoFilter(ApplicationFilterChain.java:193)
	at org.apache.catalina.core.ApplicationFilterChain.doFilter(ApplicationFilterChain.java:166)
	at com.example.demo.security.JWTAuthenticationVerficationFilter.doFilterInternal(JWTAuthenticationVerficationFilter.java:41)
	at org.springframework.web.filter.OncePerRequestFilter.doFilter(OncePerRequestFilter.java:107)
	at org.apache.catalina.core.ApplicationFilterChain.internalDoFilter(ApplicationFilterChain.java:193)
	at org.apache.catalina.core.ApplicationFilterChain.doFilter(ApplicationFilterChain.java:166)
	at org.springframework.security.web.FilterChainProxy$VirtualFilterChain.doFilter(FilterChainProxy.java:320)
	at org.springframework.security.web.access.intercept.FilterSecurityInterceptor.invoke(FilterSecurityInterceptor.java:127)
	at org.springframework.security.web.access.intercept.FilterSecurityInterceptor.doFilter(FilterSecurityInterceptor.java:91)
	at org.springframework.security.web.FilterChainProxy$VirtualFilterChain.doFilter(FilterChainProxy.java:334)
	at org.springframework.security.web.access.ExceptionTranslationFilter.doFilter(ExceptionTranslationFilter.java:119)
	at org.springframework.security.web.FilterChainProxy$VirtualFilterChain.doFilter(FilterChainProxy.java:334)
	at org.springframework.security.web.session.SessionManagementFilter.doFilter(SessionManagementFilter.java:137)
	at org.springframework.security.web.FilterChainProxy$VirtualFilterChain.doFilter(FilterChainProxy.java:334)
	at org.springframework.security.web.authentication.AnonymousAuthenticationFilter.doFilter(AnonymousAuthenticationFilter.java:111)
	at org.springframework.security.web.FilterChainProxy$VirtualFilterChain.doFilter(FilterChainProxy.java:334)
	at org.springframework.security.web.servletapi.SecurityContextHolderAwareRequestFilter.doFilter(SecurityContextHolderAwareRequestFilter.java:170)
	at org.springframework.security.web.FilterChainProxy$VirtualFilterChain.doFilter(FilterChainProxy.java:334)
	at org.springframework.security.web.savedrequest.RequestCacheAwareFilter.doFilter(RequestCacheAwareFilter.java:63)
	at org.springframework.security.web.FilterChainProxy$VirtualFilterChain.doFilter(FilterChainProxy.java:334)
	at com.example.demo.security.JWTAuthenticationVerficationFilter.doFilterInternal(JWTAuthenticationVerficationFilter.java:41)
	at org.springframework.web.filter.OncePerRequestFilter.doFilter(OncePerRequestFilter.java:107)
	at org.springframework.security.web.FilterChainProxy$VirtualFilterChain.doFilter(FilterChainProxy.java:334)
	at org.springframework.security.web.authentication.AbstractAuthenticationProcessingFilter.doFilter(AbstractAuthenticationProcessingFilter.java:200)
	at org.springframework.security.web.FilterChainProxy$VirtualFilterChain.doFilter(FilterChainProxy.java:334)
	at org.springframework.security.web.authentication.logout.LogoutFilter.doFilter(LogoutFilter.java:116)
	at org.springframework.security.web.FilterChainProxy$VirtualFilterChain.doFilter(FilterChainProxy.java:334)
	at org.springframework.web.filter.CorsFilter.doFilterInternal(CorsFilter.java:96)
	at org.springframework.web.filter.OncePerRequestFilter.doFilter(OncePerRequestFilter.java:107)
	at org.springframework.security.web.FilterChainProxy$VirtualFilterChain.doFilter(FilterChainProxy.java:334)
	at org.springframework.security.web.header.HeaderWriterFilter.doFilterInternal(HeaderWriterFilter.java:74)
	at org.springframework.web.filter.OncePerRequestFilter.doFilter(OncePerRequestFilter.java:107)
	at org.springframework.security.web.FilterChainProxy$VirtualFilterChain.doFilter(FilterChainProxy.java:334)
	at org.springframework.security.web.context.SecurityContextPersistenceFilter.doFilter(SecurityContextPersistenceFilter.java:105)
	at org.springframework.security.web.FilterChainProxy$VirtualFilterChain.doFilter(FilterChainProxy.java:334)
	at org.springframework.security.web.context.request.async.WebAsyncManagerIntegrationFilter.doFilterInternal(WebAsyncManagerIntegrationFilter.java:56)
	at org.springframework.web.filter.OncePerRequestFilter.doFilter(OncePerRequestFilter.java:107)
	at org.springframework.security.web.FilterChainProxy$VirtualFilterChain.doFilter(FilterChainProxy.java:334)
	at org.springframework.security.web.FilterChainProxy.doFilterInternal(FilterChainProxy.java:215)
	at org.springframework.security.web.FilterChainProxy.doFilter(FilterChainProxy.java:178)
	at org.springframework.web.filter.DelegatingFilterProxy.invokeDelegate(DelegatingFilterProxy.java:357)
	at org.springframework.web.filter.DelegatingFilterProxy.doFilter(DelegatingFilterProxy.java:270)
	at org.apache.catalina.core.ApplicationFilterChain.internalDoFilter(ApplicationFilterChain.java:193)
	at org.apache.catalina.core.ApplicationFilterChain.doFilter(ApplicationFilterChain.java:166)
	at org.springframework.web.filter.RequestContextFilter.doFilterInternal(RequestContextFilter.java:99)
	at org.springframework.web.filter.OncePerRequestFilter.doFilter(OncePerRequestFilter.java:107)
	at org.apache.catalina.core.ApplicationFilterChain.internalDoFilter(ApplicationFilterChain.java:193)
	at org.apache.catalina.core.ApplicationFilterChain.doFilter(ApplicationFilterChain.java:166)
	at org.springframework.web.filter.FormContentFilter.doFilterInternal(FormContentFilter.java:92)
	at org.springframework.web.filter.OncePerRequestFilter.doFilter(OncePerRequestFilter.java:107)
	at org.apache.catalina.core.ApplicationFilterChain.internalDoFilter(ApplicationFilterChain.java:193)
	at org.apache.catalina.core.ApplicationFilterChain.doFilter(ApplicationFilterChain.java:166)
	at org.springframework.web.filter.HiddenHttpMethodFilter.doFilterInternal(HiddenHttpMethodFilter.java:93)
	at org.springframework.web.filter.OncePerRequestFilter.doFilter(OncePerRequestFilter.java:107)
	at org.apache.catalina.core.ApplicationFilterChain.internalDoFilter(ApplicationFilterChain.java:193)
	at org.apache.catalina.core.ApplicationFilterChain.doFilter(ApplicationFilterChain.java:166)
	at org.springframework.web.filter.CharacterEncodingFilter.doFilterInternal(CharacterEncodingFilter.java:200)
	at org.springframework.web.filter.OncePerRequestFilter.doFilter(OncePerRequestFilter.java:107)
	at org.apache.catalina.core.ApplicationFilterChain.internalDoFilter(ApplicationFilterChain.java:193)
	at org.apache.catalina.core.ApplicationFilterChain.doFilter(ApplicationFilterChain.java:166)
	at org.apache.catalina.core.StandardWrapperValve.invoke(StandardWrapperValve.java:200)
	at org.apache.catalina.core.StandardContextValve.invoke(StandardContextValve.java:96)
	at org.apache.catalina.authenticator.AuthenticatorBase.invoke(AuthenticatorBase.java:490)
	at org.apache.catalina.core.StandardHostValve.invoke(StandardHostValve.java:139)
	at org.apache.catalina.valves.ErrorReportValve.invoke(ErrorReportValve.java:92)
	at org.apache.catalina.core.StandardEngineValve.invoke(StandardEngineValve.java:74)
	at org.apache.catalina.connector.CoyoteAdapter.service(CoyoteAdapter.java:343)
	at org.apache.coyote.http11.Http11Processor.service(Http11Processor.java:408)
	at org.apache.coyote.AbstractProcessorLight.process(AbstractProcessorLight.java:66)
	at org.apache.coyote.AbstractProtocol$ConnectionHandler.process(AbstractProtocol.java:836)
	at org.apache.tomcat.util.net.NioEndpoint$SocketProcessor.doRun(NioEndpoint.java:1747)
	at org.apache.tomcat.util.net.SocketProcessorBase.run(SocketProcessorBase.java:49)
	at java.base/java.util.concurrent.ThreadPoolExecutor.runWorker(ThreadPoolExecutor.java:1136)
	at java.base/java.util.concurrent.ThreadPoolExecutor$Worker.run(ThreadPoolExecutor.java:635)
	at org.apache.tomcat.util.threads.TaskThread$WrappingRunnable.run(TaskThread.java:61)
	at java.base/java.lang.Thread.run(Thread.java:833)
2022-10-04 12:20:19.800  INFO Rajeevs-MBP.attlocal.net --- [       Thread-3] o.s.s.c.ThreadPoolTaskExecutor           : Shutting down ExecutorService 'applicationTaskExecutor'
2022-10-04 12:20:19.802  INFO Rajeevs-MBP.attlocal.net --- [       Thread-3] j.LocalContainerEntityManagerFactoryBean : Closing JPA EntityManagerFactory for persistence unit 'default'
2022-10-04 12:20:19.806  INFO Rajeevs-MBP.attlocal.net --- [       Thread-3] c.z.h.HikariDataSource                   : HikariPool-1 - Shutdown initiated...
2022-10-04 12:20:19.807  INFO Rajeevs-MBP.attlocal.net --- [       Thread-3] c.z.h.HikariDataSource                   : HikariPool-1 - Shutdown completed.
